# JRE version: OpenJDK Runtime Environment Temurin-17.0.13+11 (17.0.13+11) (build 17.0.13+11)
# Java VM: OpenJDK 64-Bit Server VM Temurin-17.0.13+11 (17.0.13+11, mixed mode, tiered, compressed oops, compressed class ptrs, g1 gc, windows-amd64)
GC Precious Log:
 CPUs: 12 total, 12 available
 Memory: 7916M
 Large Page Support: Disabled
 NUMA Support: Disabled
 Compressed Oops: Enabled (32-bit)
 Heap Region Size: 1M
 Heap Min Capacity: 8M
 Heap Initial Capacity: 124M
 Heap Max Capacity: 1980M
 Pre-touch: Disabled
 Parallel Workers: 10
 Concurrent Workers: 3
 Concurrent Refinement Workers: 10
 Periodic GC: Disabled
Heap:
 garbage-first heap   total 60416K, used 32585K [0x0000000084400000, 0x0000000100000000)
  region size 1024K, 3 young (3072K), 1 survivors (1024K)
 Metaspace       used 81036K, committed 81600K, reserved 1179648K
  class space    used 10747K, committed 11008K, reserved 1048576K
GC Heap History (20 events):
Event: 8.856 GC heap before
{Heap before GC invocations=22 (full 0):
 garbage-first heap   total 47104K, used 37690K [0x0000000084400000, 0x0000000100000000)
  region size 1024K, 14 young (14336K), 1 survivors (1024K)
 Metaspace       used 69663K, committed 70208K, reserved 1114112K
  class space    used 9346K, committed 9600K, reserved 1048576K
}
Event: 8.859 GC heap after
{Heap after GC invocations=23 (full 0):
 garbage-first heap   total 57344K, used 25887K [0x0000000084400000, 0x0000000100000000)
  region size 1024K, 2 young (2048K), 2 survivors (2048K)
 Metaspace       used 69663K, committed 70208K, reserved 1114112K
  class space    used 9346K, committed 9600K, reserved 1048576K
}
Event: 9.516 GC heap before
{Heap before GC invocations=23 (full 0):
 garbage-first heap   total 57344K, used 45343K [0x0000000084400000, 0x0000000100000000)
  region size 1024K, 22 young (22528K), 2 survivors (2048K)
 Metaspace       used 73423K, committed 73984K, reserved 1114112K
  class space    used 9825K, committed 10112K, reserved 1048576K
}
Event: 9.519 GC heap after
{Heap after GC invocations=24 (full 0):
 garbage-first heap   total 57344K, used 27745K [0x0000000084400000, 0x0000000100000000)
  region size 1024K, 3 young (3072K), 3 survivors (3072K)
 Metaspace       used 73423K, committed 73984K, reserved 1114112K
  class space    used 9825K, committed 10112K, reserved 1048576K
}
Event: 10.021 GC heap before
{Heap before GC invocations=24 (full 0):
 garbage-first heap   total 57344K, used 46177K [0x0000000084400000, 0x0000000100000000)
  region size 1024K, 21 young (21504K), 3 survivors (3072K)
 Metaspace       used 75443K, committed 75968K, reserved 1179648K
  class space    used 10105K, committed 10368K, reserved 1048576K
}
Event: 10.025 GC heap after
{Heap after GC invocations=25 (full 0):
 garbage-first heap   total 57344K, used 30221K [0x0000000084400000, 0x0000000100000000)
  region size 1024K, 3 young (3072K), 3 survivors (3072K)
 Metaspace       used 75443K, committed 75968K, reserved 1179648K
  class space    used 10105K, committed 10368K, reserved 1048576K
}
Event: 15.993 GC heap before
{Heap before GC invocations=25 (full 0):
 garbage-first heap   total 57344K, used 45581K [0x0000000084400000, 0x0000000100000000)
  region size 1024K, 18 young (18432K), 3 survivors (3072K)
 Metaspace       used 77814K, committed 78336K, reserved 1179648K
  class space    used 10409K, committed 10624K, reserved 1048576K
}
Event: 16.006 GC heap after
{Heap after GC invocations=26 (full 0):
 garbage-first heap   total 57344K, used 31525K [0x0000000084400000, 0x0000000100000000)
  region size 1024K, 2 young (2048K), 2 survivors (2048K)
 Metaspace       used 77814K, committed 78336K, reserved 1179648K
  class space    used 10409K, committed 10624K, reserved 1048576K
}
Event: 111.463 GC heap before
{Heap before GC invocations=27 (full 0):
 garbage-first heap   total 57344K, used 44837K [0x0000000084400000, 0x0000000100000000)
  region size 1024K, 16 young (16384K), 2 survivors (2048K)
 Metaspace       used 79861K, committed 80384K, reserved 1179648K
  class space    used 10697K, committed 10944K, reserved 1048576K
}
Event: 111.521 GC heap after
{Heap after GC invocations=28 (full 1):
 garbage-first heap   total 57344K, used 25360K [0x0000000084400000, 0x0000000100000000)
  region size 1024K, 0 young (0K), 0 survivors (0K)
 Metaspace       used 79861K, committed 80384K, reserved 1179648K
  class space    used 10697K, committed 10944K, reserved 1048576K
}
Event: 111.977 GC heap before
{Heap before GC invocations=28 (full 1):
 garbage-first heap   total 57344K, used 43792K [0x0000000084400000, 0x0000000100000000)
  region size 1024K, 18 young (18432K), 0 survivors (0K)
 Metaspace       used 80030K, committed 80704K, reserved 1179648K
  class space    used 10704K, committed 11008K, reserved 1048576K
}
Event: 111.980 GC heap after
{Heap after GC invocations=29 (full 1):
 garbage-first heap   total 57344K, used 27205K [0x0000000084400000, 0x0000000100000000)
  region size 1024K, 2 young (2048K), 2 survivors (2048K)
 Metaspace       used 80030K, committed 80704K, reserved 1179648K
  class space    used 10704K, committed 11008K, reserved 1048576K
}
Event: 112.318 GC heap before
{Heap before GC invocations=30 (full 1):
 garbage-first heap   total 57344K, used 43589K [0x0000000084400000, 0x0000000100000000)
  region size 1024K, 18 young (18432K), 2 survivors (2048K)
 Metaspace       used 80271K, committed 80832K, reserved 1179648K
  class space    used 10712K, committed 11008K, reserved 1048576K
}
Event: 112.322 GC heap after
{Heap after GC invocations=31 (full 1):
 garbage-first heap   total 57344K, used 28427K [0x0000000084400000, 0x0000000100000000)
  region size 1024K, 2 young (2048K), 2 survivors (2048K)
 Metaspace       used 80271K, committed 80832K, reserved 1179648K
  class space    used 10712K, committed 11008K, reserved 1048576K
}
Event: 112.750 GC heap before
{Heap before GC invocations=31 (full 1):
 garbage-first heap   total 57344K, used 43787K [0x0000000084400000, 0x0000000100000000)
  region size 1024K, 17 young (17408K), 2 survivors (2048K)
 Metaspace       used 80542K, committed 81152K, reserved 1179648K
  class space    used 10728K, committed 11008K, reserved 1048576K
}
Event: 112.753 GC heap after
{Heap after GC invocations=32 (full 1):
 garbage-first heap   total 57344K, used 30265K [0x0000000084400000, 0x0000000100000000)
  region size 1024K, 3 young (3072K), 3 survivors (3072K)
 Metaspace       used 80542K, committed 81152K, reserved 1179648K
  class space    used 10728K, committed 11008K, reserved 1048576K
}
Event: 113.007 GC heap before
{Heap before GC invocations=33 (full 1):
 garbage-first heap   total 57344K, used 43577K [0x0000000084400000, 0x0000000100000000)
  region size 1024K, 16 young (16384K), 3 survivors (3072K)
 Metaspace       used 80899K, committed 81472K, reserved 1179648K
  class space    used 10746K, committed 11008K, reserved 1048576K
}
Event: 113.010 GC heap after
{Heap after GC invocations=34 (full 1):
 garbage-first heap   total 57344K, used 30819K [0x0000000084400000, 0x0000000100000000)
  region size 1024K, 2 young (2048K), 2 survivors (2048K)
 Metaspace       used 80899K, committed 81472K, reserved 1179648K
  class space    used 10746K, committed 11008K, reserved 1048576K
}
Event: 113.275 GC heap before
{Heap before GC invocations=34 (full 1):
 garbage-first heap   total 57344K, used 43107K [0x0000000084400000, 0x0000000100000000)
  region size 1024K, 14 young (14336K), 2 survivors (2048K)
 Metaspace       used 81027K, committed 81600K, reserved 1179648K
  class space    used 10748K, committed 11008K, reserved 1048576K
}
Event: 113.279 GC heap after
{Heap after GC invocations=35 (full 1):
 garbage-first heap   total 57344K, used 31561K [0x0000000084400000, 0x0000000100000000)
  region size 1024K, 1 young (1024K), 1 survivors (1024K)
 Metaspace       used 81027K, committed 81600K, reserved 1179648K
  class space    used 10748K, committed 11008K, reserved 1048576K
}

