# JRE version: OpenJDK Runtime Environment Temurin-17.0.13+11 (17.0.13+11) (build 17.0.13+11)
# Java VM: OpenJDK 64-Bit Server VM Temurin-17.0.13+11 (17.0.13+11, mixed mode, tiered, compressed oops, compressed class ptrs, g1 gc, windows-amd64)
GC Precious Log:
 CPUs: 12 total, 12 available
 Memory: 7916M
 Large Page Support: Disabled
 NUMA Support: Disabled
 Compressed Oops: Enabled (32-bit)
 Heap Region Size: 1M
 Heap Min Capacity: 8M
 Heap Initial Capacity: 124M
 Heap Max Capacity: 1980M
 Pre-touch: Disabled
 Parallel Workers: 10
 Concurrent Workers: 3
 Concurrent Refinement Workers: 10
 Periodic GC: Disabled
Heap:
 garbage-first heap   total 75776K, used 43586K [0x0000000084400000, 0x0000000100000000)
  region size 1024K, 26 young (26624K), 4 survivors (4096K)
 Metaspace       used 58222K, committed 58688K, reserved 1114112K
  class space    used 7478K, committed 7680K, reserved 1048576K
GC Heap History (20 events):
Event: 2.590 GC heap before
{Heap before GC invocations=5 (full 0):
 garbage-first heap   total 37888K, used 11399K [0x0000000084400000, 0x0000000100000000)
  region size 1024K, 4 young (4096K), 3 survivors (3072K)
 Metaspace       used 26179K, committed 26368K, reserved 1114112K
  class space    used 3132K, committed 3200K, reserved 1048576K
}
Event: 2.593 GC heap after
{Heap after GC invocations=6 (full 0):
 garbage-first heap   total 37888K, used 11694K [0x0000000084400000, 0x0000000100000000)
  region size 1024K, 1 young (1024K), 1 survivors (1024K)
 Metaspace       used 26179K, committed 26368K, reserved 1114112K
  class space    used 3132K, committed 3200K, reserved 1048576K
}
Event: 2.975 GC heap before
{Heap before GC invocations=6 (full 0):
 garbage-first heap   total 37888K, used 26030K [0x0000000084400000, 0x0000000100000000)
  region size 1024K, 16 young (16384K), 1 survivors (1024K)
 Metaspace       used 28448K, committed 28736K, reserved 1114112K
  class space    used 3447K, committed 3584K, reserved 1048576K
}
Event: 2.978 GC heap after
{Heap after GC invocations=7 (full 0):
 garbage-first heap   total 37888K, used 13684K [0x0000000084400000, 0x0000000100000000)
  region size 1024K, 2 young (2048K), 2 survivors (2048K)
 Metaspace       used 28448K, committed 28736K, reserved 1114112K
  class space    used 3447K, committed 3584K, reserved 1048576K
}
Event: 3.458 GC heap before
{Heap before GC invocations=7 (full 0):
 garbage-first heap   total 37888K, used 28020K [0x0000000084400000, 0x0000000100000000)
  region size 1024K, 16 young (16384K), 2 survivors (2048K)
 Metaspace       used 30165K, committed 30464K, reserved 1114112K
  class space    used 3653K, committed 3840K, reserved 1048576K
}
Event: 3.462 GC heap after
{Heap after GC invocations=8 (full 0):
 garbage-first heap   total 37888K, used 14916K [0x0000000084400000, 0x0000000100000000)
  region size 1024K, 2 young (2048K), 2 survivors (2048K)
 Metaspace       used 30165K, committed 30464K, reserved 1114112K
  class space    used 3653K, committed 3840K, reserved 1048576K
}
Event: 3.993 GC heap before
{Heap before GC invocations=8 (full 0):
 garbage-first heap   total 37888K, used 28228K [0x0000000084400000, 0x0000000100000000)
  region size 1024K, 15 young (15360K), 2 survivors (2048K)
 Metaspace       used 32134K, committed 32448K, reserved 1114112K
  class space    used 3937K, committed 4096K, reserved 1048576K
}
Event: 3.996 GC heap after
{Heap after GC invocations=9 (full 0):
 garbage-first heap   total 37888K, used 15753K [0x0000000084400000, 0x0000000100000000)
  region size 1024K, 2 young (2048K), 2 survivors (2048K)
 Metaspace       used 32134K, committed 32448K, reserved 1114112K
  class space    used 3937K, committed 4096K, reserved 1048576K
}
Event: 4.627 GC heap before
{Heap before GC invocations=9 (full 0):
 garbage-first heap   total 37888K, used 29065K [0x0000000084400000, 0x0000000100000000)
  region size 1024K, 15 young (15360K), 2 survivors (2048K)
 Metaspace       used 34854K, committed 35200K, reserved 1114112K
  class space    used 4309K, committed 4480K, reserved 1048576K
}
Event: 4.631 GC heap after
{Heap after GC invocations=10 (full 0):
 garbage-first heap   total 37888K, used 16986K [0x0000000084400000, 0x0000000100000000)
  region size 1024K, 2 young (2048K), 2 survivors (2048K)
 Metaspace       used 34854K, committed 35200K, reserved 1114112K
  class space    used 4309K, committed 4480K, reserved 1048576K
}
Event: 4.840 GC heap before
{Heap before GC invocations=10 (full 0):
 garbage-first heap   total 37888K, used 23130K [0x0000000084400000, 0x0000000100000000)
  region size 1024K, 9 young (9216K), 2 survivors (2048K)
 Metaspace       used 35750K, committed 36096K, reserved 1114112K
  class space    used 4488K, committed 4672K, reserved 1048576K
}
Event: 4.844 GC heap after
{Heap after GC invocations=11 (full 0):
 garbage-first heap   total 37888K, used 17969K [0x0000000084400000, 0x0000000100000000)
  region size 1024K, 1 young (1024K), 1 survivors (1024K)
 Metaspace       used 35750K, committed 36096K, reserved 1114112K
  class space    used 4488K, committed 4672K, reserved 1048576K
}
Event: 5.295 GC heap before
{Heap before GC invocations=12 (full 0):
 garbage-first heap   total 37888K, used 28209K [0x0000000084400000, 0x0000000100000000)
  region size 1024K, 12 young (12288K), 1 survivors (1024K)
 Metaspace       used 38199K, committed 38592K, reserved 1114112K
  class space    used 4761K, committed 4928K, reserved 1048576K
}
Event: 5.298 GC heap after
{Heap after GC invocations=13 (full 0):
 garbage-first heap   total 37888K, used 18722K [0x0000000084400000, 0x0000000100000000)
  region size 1024K, 2 young (2048K), 2 survivors (2048K)
 Metaspace       used 38199K, committed 38592K, reserved 1114112K
  class space    used 4761K, committed 4928K, reserved 1048576K
}
Event: 5.642 GC heap before
{Heap before GC invocations=13 (full 0):
 garbage-first heap   total 37888K, used 28962K [0x0000000084400000, 0x0000000100000000)
  region size 1024K, 12 young (12288K), 2 survivors (2048K)
 Metaspace       used 40665K, committed 41024K, reserved 1114112K
  class space    used 5071K, committed 5248K, reserved 1048576K
}
Event: 5.646 GC heap after
{Heap after GC invocations=14 (full 0):
 garbage-first heap   total 37888K, used 19772K [0x0000000084400000, 0x0000000100000000)
  region size 1024K, 2 young (2048K), 2 survivors (2048K)
 Metaspace       used 40665K, committed 41024K, reserved 1114112K
  class space    used 5071K, committed 5248K, reserved 1048576K
}
Event: 5.948 GC heap before
{Heap before GC invocations=15 (full 0):
 garbage-first heap   total 37888K, used 30012K [0x0000000084400000, 0x0000000100000000)
  region size 1024K, 12 young (12288K), 2 survivors (2048K)
 Metaspace       used 42451K, committed 42816K, reserved 1114112K
  class space    used 5308K, committed 5504K, reserved 1048576K
}
Event: 5.952 GC heap after
{Heap after GC invocations=16 (full 0):
 garbage-first heap   total 75776K, used 20317K [0x0000000084400000, 0x0000000100000000)
  region size 1024K, 2 young (2048K), 2 survivors (2048K)
 Metaspace       used 42451K, committed 42816K, reserved 1114112K
  class space    used 5308K, committed 5504K, reserved 1048576K
}
Event: 7.340 GC heap before
{Heap before GC invocations=16 (full 0):
 garbage-first heap   total 75776K, used 57181K [0x0000000084400000, 0x0000000100000000)
  region size 1024K, 38 young (38912K), 2 survivors (2048K)
 Metaspace       used 53383K, committed 53824K, reserved 1114112K
  class space    used 6824K, committed 7040K, reserved 1048576K
}
Event: 7.345 GC heap after
{Heap after GC invocations=17 (full 0):
 garbage-first heap   total 75776K, used 22082K [0x0000000084400000, 0x0000000100000000)
  region size 1024K, 4 young (4096K), 4 survivors (4096K)
 Metaspace       used 53383K, committed 53824K, reserved 1114112K
  class space    used 6824K, committed 7040K, reserved 1048576K
}

