# JRE version: OpenJDK Runtime Environment Temurin-17.0.13+11 (17.0.13+11) (build 17.0.13+11)
# Java VM: OpenJDK 64-Bit Server VM Temurin-17.0.13+11 (17.0.13+11, mixed mode, tiered, compressed oops, compressed class ptrs, parallel gc, windows-amd64)
GC Precious Log:
 CPUs: 12 total, 12 available
 Memory: 7916M
 Large Page Support: Disabled
 NUMA Support: Disabled
 Compressed Oops: Enabled (32-bit)
 Alignments: Space 512K, Generation 512K, Heap 2M
 Heap Min Capacity: 100M
 Heap Initial Capacity: 100M
 Heap Max Capacity: 1G
 Pre-touch: Disabled
 Parallel Workers: 10
Heap:
 PSYoungGen      total 23040K, used 18676K [0x00000000eab00000, 0x00000000ec800000, 0x0000000100000000)
  eden space 18432K, 77% used [0x00000000eab00000,0x00000000eb8fb510,0x00000000ebd00000)
  from space 4608K, 94% used [0x00000000ec380000,0x00000000ec7c1da8,0x00000000ec800000)
  to   space 5120K, 0% used [0x00000000ebe00000,0x00000000ebe00000,0x00000000ec300000)
 ParOldGen       total 316928K, used 270713K [0x00000000c0000000, 0x00000000d3580000, 0x00000000eab00000)
  object space 316928K, 85% used [0x00000000c0000000,0x00000000d085e4d8,0x00000000d3580000)
 Metaspace       used 66936K, committed 68160K, reserved 1114112K
  class space    used 6979K, committed 7552K, reserved 1048576K
GC Heap History (20 events):
Event: 10.831 GC heap before
{Heap before GC invocations=157 (full 10):
 PSYoungGen      total 13312K, used 13184K [0x00000000eab00000, 0x00000000eba80000, 0x0000000100000000)
  eden space 11264K, 100% used [0x00000000eab00000,0x00000000eb600000,0x00000000eb600000)
  from space 2048K, 93% used [0x00000000eb880000,0x00000000eba60218,0x00000000eba80000)
  to   space 2048K, 0% used [0x00000000eb680000,0x00000000eb680000,0x00000000eb880000)
 ParOldGen       total 275968K, used 241122K [0x00000000c0000000, 0x00000000d0d80000, 0x00000000eab00000)
  object space 275968K, 87% used [0x00000000c0000000,0x00000000ceb789d0,0x00000000d0d80000)
 Metaspace       used 65894K, committed 67136K, reserved 1114112K
  class space    used 6926K, committed 7488K, reserved 1048576K
}
Event: 10.833 GC heap after
{Heap after GC invocations=157 (full 10):
 PSYoungGen      total 13312K, used 2038K [0x00000000eab00000, 0x00000000ebe00000, 0x0000000100000000)
  eden space 11264K, 0% used [0x00000000eab00000,0x00000000eab00000,0x00000000eb600000)
  from space 2048K, 99% used [0x00000000eb680000,0x00000000eb87d998,0x00000000eb880000)
  to   space 4096K, 0% used [0x00000000eba00000,0x00000000eba00000,0x00000000ebe00000)
 ParOldGen       total 275968K, used 242475K [0x00000000c0000000, 0x00000000d0d80000, 0x00000000eab00000)
  object space 275968K, 87% used [0x00000000c0000000,0x00000000ceccaff8,0x00000000d0d80000)
 Metaspace       used 65894K, committed 67136K, reserved 1114112K
  class space    used 6926K, committed 7488K, reserved 1048576K
}
Event: 10.898 GC heap before
{Heap before GC invocations=158 (full 10):
 PSYoungGen      total 13312K, used 13302K [0x00000000eab00000, 0x00000000ebe00000, 0x0000000100000000)
  eden space 11264K, 100% used [0x00000000eab00000,0x00000000eb600000,0x00000000eb600000)
  from space 2048K, 99% used [0x00000000eb680000,0x00000000eb87d998,0x00000000eb880000)
  to   space 4096K, 0% used [0x00000000eba00000,0x00000000eba00000,0x00000000ebe00000)
 ParOldGen       total 275968K, used 242510K [0x00000000c0000000, 0x00000000d0d80000, 0x00000000eab00000)
  object space 275968K, 87% used [0x00000000c0000000,0x00000000cecd38d0,0x00000000d0d80000)
 Metaspace       used 65926K, committed 67136K, reserved 1114112K
  class space    used 6927K, committed 7488K, reserved 1048576K
}
Event: 10.900 GC heap after
{Heap after GC invocations=158 (full 10):
 PSYoungGen      total 14336K, used 2001K [0x00000000eab00000, 0x00000000ebc00000, 0x0000000100000000)
  eden space 12288K, 0% used [0x00000000eab00000,0x00000000eab00000,0x00000000eb700000)
  from space 2048K, 97% used [0x00000000eba00000,0x00000000ebbf44d0,0x00000000ebc00000)
  to   space 2560K, 0% used [0x00000000eb700000,0x00000000eb700000,0x00000000eb980000)
 ParOldGen       total 275968K, used 244482K [0x00000000c0000000, 0x00000000d0d80000, 0x00000000eab00000)
  object space 275968K, 88% used [0x00000000c0000000,0x00000000ceec09b8,0x00000000d0d80000)
 Metaspace       used 65926K, committed 67136K, reserved 1114112K
  class space    used 6927K, committed 7488K, reserved 1048576K
}
Event: 10.951 GC heap before
{Heap before GC invocations=159 (full 10):
 PSYoungGen      total 14336K, used 14232K [0x00000000eab00000, 0x00000000ebc00000, 0x0000000100000000)
  eden space 12288K, 99% used [0x00000000eab00000,0x00000000eb6f1e08,0x00000000eb700000)
  from space 2048K, 97% used [0x00000000eba00000,0x00000000ebbf44d0,0x00000000ebc00000)
  to   space 2560K, 0% used [0x00000000eb700000,0x00000000eb700000,0x00000000eb980000)
 ParOldGen       total 275968K, used 244482K [0x00000000c0000000, 0x00000000d0d80000, 0x00000000eab00000)
  object space 275968K, 88% used [0x00000000c0000000,0x00000000ceec09b8,0x00000000d0d80000)
 Metaspace       used 65969K, committed 67200K, reserved 1114112K
  class space    used 6928K, committed 7488K, reserved 1048576K
}
Event: 10.954 GC heap after
{Heap after GC invocations=159 (full 10):
 PSYoungGen      total 14848K, used 2549K [0x00000000eab00000, 0x00000000ec400000, 0x0000000100000000)
  eden space 12288K, 0% used [0x00000000eab00000,0x00000000eab00000,0x00000000eb700000)
  from space 2560K, 99% used [0x00000000eb700000,0x00000000eb97d5a0,0x00000000eb980000)
  to   space 6144K, 0% used [0x00000000ebe00000,0x00000000ebe00000,0x00000000ec400000)
 ParOldGen       total 275968K, used 247302K [0x00000000c0000000, 0x00000000d0d80000, 0x00000000eab00000)
  object space 275968K, 89% used [0x00000000c0000000,0x00000000cf181af8,0x00000000d0d80000)
 Metaspace       used 65969K, committed 67200K, reserved 1114112K
  class space    used 6928K, committed 7488K, reserved 1048576K
}
Event: 11.010 GC heap before
{Heap before GC invocations=160 (full 10):
 PSYoungGen      total 14848K, used 14837K [0x00000000eab00000, 0x00000000ec400000, 0x0000000100000000)
  eden space 12288K, 100% used [0x00000000eab00000,0x00000000eb700000,0x00000000eb700000)
  from space 2560K, 99% used [0x00000000eb700000,0x00000000eb97d5a0,0x00000000eb980000)
  to   space 6144K, 0% used [0x00000000ebe00000,0x00000000ebe00000,0x00000000ec400000)
 ParOldGen       total 275968K, used 247302K [0x00000000c0000000, 0x00000000d0d80000, 0x00000000eab00000)
  object space 275968K, 89% used [0x00000000c0000000,0x00000000cf181af8,0x00000000d0d80000)
 Metaspace       used 66082K, committed 67264K, reserved 1114112K
  class space    used 6928K, committed 7488K, reserved 1048576K
}
Event: 11.014 GC heap after
{Heap after GC invocations=160 (full 10):
 PSYoungGen      total 18432K, used 5032K [0x00000000eab00000, 0x00000000ec300000, 0x0000000100000000)
  eden space 13312K, 0% used [0x00000000eab00000,0x00000000eab00000,0x00000000eb800000)
  from space 5120K, 98% used [0x00000000ebe00000,0x00000000ec2ea370,0x00000000ec300000)
  to   space 5632K, 0% used [0x00000000eb800000,0x00000000eb800000,0x00000000ebd80000)
 ParOldGen       total 275968K, used 249261K [0x00000000c0000000, 0x00000000d0d80000, 0x00000000eab00000)
  object space 275968K, 90% used [0x00000000c0000000,0x00000000cf36b7c8,0x00000000d0d80000)
 Metaspace       used 66082K, committed 67264K, reserved 1114112K
  class space    used 6928K, committed 7488K, reserved 1048576K
}
Event: 11.083 GC heap before
{Heap before GC invocations=161 (full 10):
 PSYoungGen      total 18432K, used 18344K [0x00000000eab00000, 0x00000000ec300000, 0x0000000100000000)
  eden space 13312K, 100% used [0x00000000eab00000,0x00000000eb800000,0x00000000eb800000)
  from space 5120K, 98% used [0x00000000ebe00000,0x00000000ec2ea370,0x00000000ec300000)
  to   space 5632K, 0% used [0x00000000eb800000,0x00000000eb800000,0x00000000ebd80000)
 ParOldGen       total 275968K, used 249261K [0x00000000c0000000, 0x00000000d0d80000, 0x00000000eab00000)
  object space 275968K, 90% used [0x00000000c0000000,0x00000000cf36b7c8,0x00000000d0d80000)
 Metaspace       used 66157K, committed 67392K, reserved 1114112K
  class space    used 6929K, committed 7488K, reserved 1048576K
}
Event: 11.088 GC heap after
{Heap after GC invocations=161 (full 10):
 PSYoungGen      total 18944K, used 5601K [0x00000000eab00000, 0x00000000ecc00000, 0x0000000100000000)
  eden space 13312K, 0% used [0x00000000eab00000,0x00000000eab00000,0x00000000eb800000)
  from space 5632K, 99% used [0x00000000eb800000,0x00000000ebd78620,0x00000000ebd80000)
  to   space 9728K, 0% used [0x00000000ec280000,0x00000000ec280000,0x00000000ecc00000)
 ParOldGen       total 275968K, used 252485K [0x00000000c0000000, 0x00000000d0d80000, 0x00000000eab00000)
  object space 275968K, 91% used [0x00000000c0000000,0x00000000cf691798,0x00000000d0d80000)
 Metaspace       used 66157K, committed 67392K, reserved 1114112K
  class space    used 6929K, committed 7488K, reserved 1048576K
}
Event: 11.171 GC heap before
{Heap before GC invocations=162 (full 10):
 PSYoungGen      total 18944K, used 18913K [0x00000000eab00000, 0x00000000ecc00000, 0x0000000100000000)
  eden space 13312K, 100% used [0x00000000eab00000,0x00000000eb800000,0x00000000eb800000)
  from space 5632K, 99% used [0x00000000eb800000,0x00000000ebd78620,0x00000000ebd80000)
  to   space 9728K, 0% used [0x00000000ec280000,0x00000000ec280000,0x00000000ecc00000)
 ParOldGen       total 275968K, used 252485K [0x00000000c0000000, 0x00000000d0d80000, 0x00000000eab00000)
  object space 275968K, 91% used [0x00000000c0000000,0x00000000cf691798,0x00000000d0d80000)
 Metaspace       used 66299K, committed 67520K, reserved 1114112K
  class space    used 6941K, committed 7488K, reserved 1048576K
}
Event: 11.176 GC heap after
{Heap after GC invocations=162 (full 10):
 PSYoungGen      total 19456K, used 5039K [0x00000000eab00000, 0x00000000ec780000, 0x0000000100000000)
  eden space 14336K, 0% used [0x00000000eab00000,0x00000000eab00000,0x00000000eb900000)
  from space 5120K, 98% used [0x00000000ec280000,0x00000000ec76be90,0x00000000ec780000)
  to   space 6656K, 0% used [0x00000000eba80000,0x00000000eba80000,0x00000000ec100000)
 ParOldGen       total 275968K, used 257361K [0x00000000c0000000, 0x00000000d0d80000, 0x00000000eab00000)
  object space 275968K, 93% used [0x00000000c0000000,0x00000000cfb544b8,0x00000000d0d80000)
 Metaspace       used 66299K, committed 67520K, reserved 1114112K
  class space    used 6941K, committed 7488K, reserved 1048576K
}
Event: 11.321 GC heap before
{Heap before GC invocations=163 (full 10):
 PSYoungGen      total 19456K, used 19375K [0x00000000eab00000, 0x00000000ec780000, 0x0000000100000000)
  eden space 14336K, 100% used [0x00000000eab00000,0x00000000eb900000,0x00000000eb900000)
  from space 5120K, 98% used [0x00000000ec280000,0x00000000ec76be90,0x00000000ec780000)
  to   space 6656K, 0% used [0x00000000eba80000,0x00000000eba80000,0x00000000ec100000)
 ParOldGen       total 275968K, used 257361K [0x00000000c0000000, 0x00000000d0d80000, 0x00000000eab00000)
  object space 275968K, 93% used [0x00000000c0000000,0x00000000cfb544b8,0x00000000d0d80000)
 Metaspace       used 66499K, committed 67712K, reserved 1114112K
  class space    used 6963K, committed 7488K, reserved 1048576K
}
Event: 11.332 GC heap after
{Heap after GC invocations=163 (full 10):
 PSYoungGen      total 22016K, used 6649K [0x00000000eab00000, 0x00000000eda00000, 0x0000000100000000)
  eden space 15360K, 0% used [0x00000000eab00000,0x00000000eab00000,0x00000000eba00000)
  from space 6656K, 99% used [0x00000000eba80000,0x00000000ec0fe430,0x00000000ec100000)
  to   space 16384K, 0% used [0x00000000eca00000,0x00000000eca00000,0x00000000eda00000)
 ParOldGen       total 275968K, used 265095K [0x00000000c0000000, 0x00000000d0d80000, 0x00000000eab00000)
  object space 275968K, 96% used [0x00000000c0000000,0x00000000d02e1c90,0x00000000d0d80000)
 Metaspace       used 66499K, committed 67712K, reserved 1114112K
  class space    used 6963K, committed 7488K, reserved 1048576K
}
Event: 11.433 GC heap before
{Heap before GC invocations=164 (full 10):
 PSYoungGen      total 22016K, used 22009K [0x00000000eab00000, 0x00000000eda00000, 0x0000000100000000)
  eden space 15360K, 100% used [0x00000000eab00000,0x00000000eba00000,0x00000000eba00000)
  from space 6656K, 99% used [0x00000000eba80000,0x00000000ec0fe430,0x00000000ec100000)
  to   space 16384K, 0% used [0x00000000eca00000,0x00000000eca00000,0x00000000eda00000)
 ParOldGen       total 275968K, used 265095K [0x00000000c0000000, 0x00000000d0d80000, 0x00000000eab00000)
  object space 275968K, 96% used [0x00000000c0000000,0x00000000d02e1c90,0x00000000d0d80000)
 Metaspace       used 66647K, committed 67904K, reserved 1114112K
  class space    used 6979K, committed 7552K, reserved 1048576K
}
Event: 11.439 GC heap after
{Heap after GC invocations=164 (full 10):
 PSYoungGen      total 18944K, used 2516K [0x00000000eab00000, 0x00000000ecc80000, 0x0000000100000000)
  eden space 16384K, 0% used [0x00000000eab00000,0x00000000eab00000,0x00000000ebb00000)
  from space 2560K, 98% used [0x00000000eca00000,0x00000000ecc75020,0x00000000ecc80000)
  to   space 7168K, 0% used [0x00000000ebe80000,0x00000000ebe80000,0x00000000ec580000)
 ParOldGen       total 275968K, used 271774K [0x00000000c0000000, 0x00000000d0d80000, 0x00000000eab00000)
  object space 275968K, 98% used [0x00000000c0000000,0x00000000d0967b18,0x00000000d0d80000)
 Metaspace       used 66647K, committed 67904K, reserved 1114112K
  class space    used 6979K, committed 7552K, reserved 1048576K
}
Event: 11.494 GC heap before
{Heap before GC invocations=165 (full 11):
 PSYoungGen      total 18944K, used 18900K [0x00000000eab00000, 0x00000000ecc80000, 0x0000000100000000)
  eden space 16384K, 100% used [0x00000000eab00000,0x00000000ebb00000,0x00000000ebb00000)
  from space 2560K, 98% used [0x00000000eca00000,0x00000000ecc75020,0x00000000ecc80000)
  to   space 7168K, 0% used [0x00000000ebe80000,0x00000000ebe80000,0x00000000ec580000)
 ParOldGen       total 275968K, used 271774K [0x00000000c0000000, 0x00000000d0d80000, 0x00000000eab00000)
  object space 275968K, 98% used [0x00000000c0000000,0x00000000d0967b18,0x00000000d0d80000)
 Metaspace       used 66705K, committed 67904K, reserved 1114112K
  class space    used 6980K, committed 7552K, reserved 1048576K
}
Event: 11.614 GC heap after
{Heap after GC invocations=165 (full 11):
 PSYoungGen      total 17920K, used 0K [0x00000000eab00000, 0x00000000eca80000, 0x0000000100000000)
  eden space 17408K, 0% used [0x00000000eab00000,0x00000000eab00000,0x00000000ebc00000)
  from space 512K, 0% used [0x00000000ebe80000,0x00000000ebe80000,0x00000000ebf00000)
  to   space 7168K, 0% used [0x00000000ec380000,0x00000000ec380000,0x00000000eca80000)
 ParOldGen       total 316928K, used 270705K [0x00000000c0000000, 0x00000000d3580000, 0x00000000eab00000)
  object space 316928K, 85% used [0x00000000c0000000,0x00000000d085c4d8,0x00000000d3580000)
 Metaspace       used 66691K, committed 67904K, reserved 1114112K
  class space    used 6976K, committed 7552K, reserved 1048576K
}
Event: 11.736 GC heap before
{Heap before GC invocations=166 (full 11):
 PSYoungGen      total 17920K, used 17408K [0x00000000eab00000, 0x00000000eca80000, 0x0000000100000000)
  eden space 17408K, 100% used [0x00000000eab00000,0x00000000ebc00000,0x00000000ebc00000)
  from space 512K, 0% used [0x00000000ebe80000,0x00000000ebe80000,0x00000000ebf00000)
  to   space 7168K, 0% used [0x00000000ec380000,0x00000000ec380000,0x00000000eca80000)
 ParOldGen       total 316928K, used 270705K [0x00000000c0000000, 0x00000000d3580000, 0x00000000eab00000)
  object space 316928K, 85% used [0x00000000c0000000,0x00000000d085c4d8,0x00000000d3580000)
 Metaspace       used 66815K, committed 68032K, reserved 1114112K
  class space    used 6977K, committed 7552K, reserved 1048576K
}
Event: 11.741 GC heap after
{Heap after GC invocations=166 (full 11):
 PSYoungGen      total 23040K, used 4359K [0x00000000eab00000, 0x00000000ec800000, 0x0000000100000000)
  eden space 18432K, 0% used [0x00000000eab00000,0x00000000eab00000,0x00000000ebd00000)
  from space 4608K, 94% used [0x00000000ec380000,0x00000000ec7c1da8,0x00000000ec800000)
  to   space 5120K, 0% used [0x00000000ebe00000,0x00000000ebe00000,0x00000000ec300000)
 ParOldGen       total 316928K, used 270713K [0x00000000c0000000, 0x00000000d3580000, 0x00000000eab00000)
  object space 316928K, 85% used [0x00000000c0000000,0x00000000d085e4d8,0x00000000d3580000)
 Metaspace       used 66815K, committed 68032K, reserved 1114112K
  class space    used 6977K, committed 7552K, reserved 1048576K
}

