# JRE version: OpenJDK Runtime Environment Temurin-17.0.13+11 (17.0.13+11) (build 17.0.13+11)
# Java VM: OpenJDK 64-Bit Server VM Temurin-17.0.13+11 (17.0.13+11, mixed mode, tiered, compressed oops, compressed class ptrs, g1 gc, windows-amd64)
GC Precious Log:
 CPUs: 12 total, 12 available
 Memory: 7916M
 Large Page Support: Disabled
 NUMA Support: Disabled
 Compressed Oops: Enabled (32-bit)
 Heap Region Size: 1M
 Heap Min Capacity: 8M
 Heap Initial Capacity: 124M
 Heap Max Capacity: 1980M
 Pre-touch: Disabled
 Parallel Workers: 10
 Concurrent Workers: 3
 Concurrent Refinement Workers: 10
 Periodic GC: Disabled
Heap:
 garbage-first heap   total 96256K, used 40199K [0x0000000084400000, 0x0000000100000000)
  region size 1024K, 3 young (3072K), 3 survivors (3072K)
 Metaspace       used 105271K, committed 106624K, reserved 1179648K
  class space    used 12743K, committed 13376K, reserved 1048576K
GC Heap History (20 events):
Event: 2635.514 GC heap after
{Heap after GC invocations=110 (full 27):
 garbage-first heap   total 96256K, used 33985K [0x0000000084400000, 0x0000000100000000)
  region size 1024K, 0 young (0K), 0 survivors (0K)
 Metaspace       used 103972K, committed 105280K, reserved 1179648K
  class space    used 12649K, committed 13248K, reserved 1048576K
}
Event: 2635.711 GC heap before
{Heap before GC invocations=110 (full 27):
 garbage-first heap   total 96256K, used 73921K [0x0000000084400000, 0x0000000100000000)
  region size 1024K, 40 young (40960K), 0 survivors (0K)
 Metaspace       used 104073K, committed 105344K, reserved 1179648K
  class space    used 12658K, committed 13248K, reserved 1048576K
}
Event: 2635.715 GC heap after
{Heap after GC invocations=111 (full 27):
 garbage-first heap   total 96256K, used 37173K [0x0000000084400000, 0x0000000100000000)
  region size 1024K, 4 young (4096K), 4 survivors (4096K)
 Metaspace       used 104073K, committed 105344K, reserved 1179648K
  class space    used 12658K, committed 13248K, reserved 1048576K
}
Event: 2639.472 GC heap before
{Heap before GC invocations=111 (full 27):
 garbage-first heap   total 96256K, used 71989K [0x0000000084400000, 0x0000000100000000)
  region size 1024K, 39 young (39936K), 4 survivors (4096K)
 Metaspace       used 104313K, committed 105664K, reserved 1179648K
  class space    used 12671K, committed 13312K, reserved 1048576K
}
Event: 2639.527 GC heap after
{Heap after GC invocations=112 (full 28):
 garbage-first heap   total 96256K, used 33620K [0x0000000084400000, 0x0000000100000000)
  region size 1024K, 0 young (0K), 0 survivors (0K)
 Metaspace       used 104313K, committed 105664K, reserved 1179648K
  class space    used 12671K, committed 13312K, reserved 1048576K
}
Event: 2639.773 GC heap before
{Heap before GC invocations=112 (full 28):
 garbage-first heap   total 96256K, used 74580K [0x0000000084400000, 0x0000000100000000)
  region size 1024K, 41 young (41984K), 0 survivors (0K)
 Metaspace       used 104397K, committed 105728K, reserved 1179648K
  class space    used 12681K, committed 13312K, reserved 1048576K
}
Event: 2639.775 GC heap after
{Heap after GC invocations=113 (full 28):
 garbage-first heap   total 96256K, used 37111K [0x0000000084400000, 0x0000000100000000)
  region size 1024K, 4 young (4096K), 4 survivors (4096K)
 Metaspace       used 104397K, committed 105728K, reserved 1179648K
  class space    used 12681K, committed 13312K, reserved 1048576K
}
Event: 2653.910 GC heap before
{Heap before GC invocations=113 (full 28):
 garbage-first heap   total 96256K, used 74999K [0x0000000084400000, 0x0000000100000000)
  region size 1024K, 42 young (43008K), 4 survivors (4096K)
 Metaspace       used 104628K, committed 105920K, reserved 1179648K
  class space    used 12696K, committed 13312K, reserved 1048576K
}
Event: 2653.915 GC heap after
{Heap after GC invocations=114 (full 28):
 garbage-first heap   total 96256K, used 39017K [0x0000000084400000, 0x0000000100000000)
  region size 1024K, 3 young (3072K), 3 survivors (3072K)
 Metaspace       used 104628K, committed 105920K, reserved 1179648K
  class space    used 12696K, committed 13312K, reserved 1048576K
}
Event: 2706.056 GC heap before
{Heap before GC invocations=114 (full 28):
 garbage-first heap   total 96256K, used 63593K [0x0000000084400000, 0x0000000100000000)
  region size 1024K, 28 young (28672K), 3 survivors (3072K)
 Metaspace       used 104646K, committed 106048K, reserved 1179648K
  class space    used 12697K, committed 13312K, reserved 1048576K
}
Event: 2706.124 GC heap after
{Heap after GC invocations=115 (full 29):
 garbage-first heap   total 96256K, used 34847K [0x0000000084400000, 0x0000000100000000)
  region size 1024K, 0 young (0K), 0 survivors (0K)
 Metaspace       used 104644K, committed 106048K, reserved 1179648K
  class space    used 12696K, committed 13312K, reserved 1048576K
}
Event: 2706.316 GC heap before
{Heap before GC invocations=115 (full 29):
 garbage-first heap   total 96256K, used 72735K [0x0000000084400000, 0x0000000100000000)
  region size 1024K, 38 young (38912K), 0 survivors (0K)
 Metaspace       used 104719K, committed 106048K, reserved 1179648K
  class space    used 12706K, committed 13312K, reserved 1048576K
}
Event: 2706.319 GC heap after
{Heap after GC invocations=116 (full 29):
 garbage-first heap   total 96256K, used 37919K [0x0000000084400000, 0x0000000100000000)
  region size 1024K, 3 young (3072K), 3 survivors (3072K)
 Metaspace       used 104719K, committed 106048K, reserved 1179648K
  class space    used 12706K, committed 13312K, reserved 1048576K
}
Event: 2710.593 GC heap before
{Heap before GC invocations=116 (full 29):
 garbage-first heap   total 96256K, used 74783K [0x0000000084400000, 0x0000000100000000)
  region size 1024K, 39 young (39936K), 3 survivors (3072K)
 Metaspace       used 104918K, committed 106304K, reserved 1179648K
  class space    used 12719K, committed 13376K, reserved 1048576K
}
Event: 2710.598 GC heap after
{Heap after GC invocations=117 (full 29):
 garbage-first heap   total 96256K, used 39980K [0x0000000084400000, 0x0000000100000000)
  region size 1024K, 3 young (3072K), 3 survivors (3072K)
 Metaspace       used 104918K, committed 106304K, reserved 1179648K
  class space    used 12719K, committed 13376K, reserved 1048576K
}
Event: 2749.486 GC heap before
{Heap before GC invocations=117 (full 29):
 garbage-first heap   total 96256K, used 57388K [0x0000000084400000, 0x0000000100000000)
  region size 1024K, 21 young (21504K), 3 survivors (3072K)
 Metaspace       used 104951K, committed 106368K, reserved 1179648K
  class space    used 12721K, committed 13376K, reserved 1048576K
}
Event: 2749.573 GC heap after
{Heap after GC invocations=118 (full 30):
 garbage-first heap   total 96256K, used 35006K [0x0000000084400000, 0x0000000100000000)
  region size 1024K, 0 young (0K), 0 survivors (0K)
 Metaspace       used 104948K, committed 106368K, reserved 1179648K
  class space    used 12720K, committed 13376K, reserved 1048576K
}
Event: 2749.783 GC heap before
{Heap before GC invocations=118 (full 30):
 garbage-first heap   total 96256K, used 73918K [0x0000000084400000, 0x0000000100000000)
  region size 1024K, 38 young (38912K), 0 survivors (0K)
 Metaspace       used 105037K, committed 106432K, reserved 1179648K
  class space    used 12730K, committed 13376K, reserved 1048576K
}
Event: 2749.785 GC heap after
{Heap after GC invocations=119 (full 30):
 garbage-first heap   total 96256K, used 38078K [0x0000000084400000, 0x0000000100000000)
  region size 1024K, 3 young (3072K), 3 survivors (3072K)
 Metaspace       used 105037K, committed 106432K, reserved 1179648K
  class space    used 12730K, committed 13376K, reserved 1048576K
}
Event: 2754.102 GC heap before
{Heap before GC invocations=119 (full 30):
 garbage-first heap   total 96256K, used 74942K [0x0000000084400000, 0x0000000100000000)
  region size 1024K, 39 young (39936K), 3 survivors (3072K)
 Metaspace       used 105271K, committed 106624K, reserved 1179648K
  class space    used 12743K, committed 13376K, reserved 1048576K
}

