# JRE version: OpenJDK Runtime Environment Temurin-17.0.13+11 (17.0.13+11) (build 17.0.13+11)
# Java VM: OpenJDK 64-Bit Server VM Temurin-17.0.13+11 (17.0.13+11, mixed mode, tiered, compressed oops, compressed class ptrs, parallel gc, windows-amd64)
GC Precious Log:
 CPUs: 12 total, 12 available
 Memory: 7916M
 Large Page Support: Disabled
 NUMA Support: Disabled
 Compressed Oops: Enabled (32-bit)
 Alignments: Space 512K, Generation 512K, Heap 2M
 Heap Min Capacity: 100M
 Heap Initial Capacity: 100M
 Heap Max Capacity: 1G
 Pre-touch: Disabled
 Parallel Workers: 10
Heap:
 PSYoungGen      total 17920K, used 10952K [0x00000000eab00000, 0x00000000ebf00000, 0x0000000100000000)
  eden space 15872K, 59% used [0x00000000eab00000,0x00000000eb438ed0,0x00000000eba80000)
  from space 2048K, 73% used [0x00000000ebb00000,0x00000000ebc794d8,0x00000000ebd00000)
  to   space 2048K, 0% used [0x00000000ebd00000,0x00000000ebd00000,0x00000000ebf00000)
 ParOldGen       total 178688K, used 158874K [0x00000000c0000000, 0x00000000cae80000, 0x00000000eab00000)
  object space 178688K, 88% used [0x00000000c0000000,0x00000000c9b26890,0x00000000cae80000)
 Metaspace       used 71787K, committed 73088K, reserved 1179648K
  class space    used 7459K, committed 8064K, reserved 1048576K
GC Heap History (20 events):
Event: 33.367 GC heap before
{Heap before GC invocations=262 (full 13):
 PSYoungGen      total 10752K, used 10639K [0x00000000eab00000, 0x00000000ebb00000, 0x0000000100000000)
  eden space 7168K, 100% used [0x00000000eab00000,0x00000000eb200000,0x00000000eb200000)
  from space 3584K, 96% used [0x00000000eb200000,0x00000000eb563f20,0x00000000eb580000)
  to   space 4096K, 0% used [0x00000000eb700000,0x00000000eb700000,0x00000000ebb00000)
 ParOldGen       total 178688K, used 155268K [0x00000000c0000000, 0x00000000cae80000, 0x00000000eab00000)
  object space 178688K, 86% used [0x00000000c0000000,0x00000000c97a1288,0x00000000cae80000)
 Metaspace       used 71721K, committed 73024K, reserved 1114112K
  class space    used 7457K, committed 8064K, reserved 1048576K
}
Event: 33.371 GC heap after
{Heap after GC invocations=262 (full 13):
 PSYoungGen      total 12288K, used 3611K [0x00000000eab00000, 0x00000000ebb00000, 0x0000000100000000)
  eden space 8192K, 0% used [0x00000000eab00000,0x00000000eab00000,0x00000000eb300000)
  from space 4096K, 88% used [0x00000000eb700000,0x00000000eba86d70,0x00000000ebb00000)
  to   space 4096K, 0% used [0x00000000eb300000,0x00000000eb300000,0x00000000eb700000)
 ParOldGen       total 178688K, used 155268K [0x00000000c0000000, 0x00000000cae80000, 0x00000000eab00000)
  object space 178688K, 86% used [0x00000000c0000000,0x00000000c97a1288,0x00000000cae80000)
 Metaspace       used 71721K, committed 73024K, reserved 1114112K
  class space    used 7457K, committed 8064K, reserved 1048576K
}
Event: 33.384 GC heap before
{Heap before GC invocations=263 (full 13):
 PSYoungGen      total 12288K, used 11803K [0x00000000eab00000, 0x00000000ebb00000, 0x0000000100000000)
  eden space 8192K, 100% used [0x00000000eab00000,0x00000000eb300000,0x00000000eb300000)
  from space 4096K, 88% used [0x00000000eb700000,0x00000000eba86d70,0x00000000ebb00000)
  to   space 4096K, 0% used [0x00000000eb300000,0x00000000eb300000,0x00000000eb700000)
 ParOldGen       total 178688K, used 155268K [0x00000000c0000000, 0x00000000cae80000, 0x00000000eab00000)
  object space 178688K, 86% used [0x00000000c0000000,0x00000000c97a1288,0x00000000cae80000)
 Metaspace       used 71764K, committed 73088K, reserved 1179648K
  class space    used 7459K, committed 8064K, reserved 1048576K
}
Event: 33.388 GC heap after
{Heap after GC invocations=263 (full 13):
 PSYoungGen      total 12288K, used 3660K [0x00000000eab00000, 0x00000000ebc00000, 0x0000000100000000)
  eden space 8192K, 0% used [0x00000000eab00000,0x00000000eab00000,0x00000000eb300000)
  from space 4096K, 89% used [0x00000000eb300000,0x00000000eb6931e8,0x00000000eb700000)
  to   space 4096K, 0% used [0x00000000eb800000,0x00000000eb800000,0x00000000ebc00000)
 ParOldGen       total 178688K, used 155268K [0x00000000c0000000, 0x00000000cae80000, 0x00000000eab00000)
  object space 178688K, 86% used [0x00000000c0000000,0x00000000c97a1288,0x00000000cae80000)
 Metaspace       used 71764K, committed 73088K, reserved 1179648K
  class space    used 7459K, committed 8064K, reserved 1048576K
}
Event: 33.402 GC heap before
{Heap before GC invocations=264 (full 13):
 PSYoungGen      total 12288K, used 11852K [0x00000000eab00000, 0x00000000ebc00000, 0x0000000100000000)
  eden space 8192K, 100% used [0x00000000eab00000,0x00000000eb300000,0x00000000eb300000)
  from space 4096K, 89% used [0x00000000eb300000,0x00000000eb6931e8,0x00000000eb700000)
  to   space 4096K, 0% used [0x00000000eb800000,0x00000000eb800000,0x00000000ebc00000)
 ParOldGen       total 178688K, used 155268K [0x00000000c0000000, 0x00000000cae80000, 0x00000000eab00000)
  object space 178688K, 86% used [0x00000000c0000000,0x00000000c97a1288,0x00000000cae80000)
 Metaspace       used 71774K, committed 73088K, reserved 1179648K
  class space    used 7459K, committed 8064K, reserved 1048576K
}
Event: 33.405 GC heap after
{Heap after GC invocations=264 (full 13):
 PSYoungGen      total 12800K, used 3187K [0x00000000eab00000, 0x00000000ebb80000, 0x0000000100000000)
  eden space 9216K, 0% used [0x00000000eab00000,0x00000000eab00000,0x00000000eb400000)
  from space 3584K, 88% used [0x00000000eb800000,0x00000000ebb1ce98,0x00000000ebb80000)
  to   space 3584K, 0% used [0x00000000eb480000,0x00000000eb480000,0x00000000eb800000)
 ParOldGen       total 178688K, used 155268K [0x00000000c0000000, 0x00000000cae80000, 0x00000000eab00000)
  object space 178688K, 86% used [0x00000000c0000000,0x00000000c97a1288,0x00000000cae80000)
 Metaspace       used 71774K, committed 73088K, reserved 1179648K
  class space    used 7459K, committed 8064K, reserved 1048576K
}
Event: 33.421 GC heap before
{Heap before GC invocations=265 (full 13):
 PSYoungGen      total 12800K, used 12403K [0x00000000eab00000, 0x00000000ebb80000, 0x0000000100000000)
  eden space 9216K, 100% used [0x00000000eab00000,0x00000000eb400000,0x00000000eb400000)
  from space 3584K, 88% used [0x00000000eb800000,0x00000000ebb1ce98,0x00000000ebb80000)
  to   space 3584K, 0% used [0x00000000eb480000,0x00000000eb480000,0x00000000eb800000)
 ParOldGen       total 178688K, used 155268K [0x00000000c0000000, 0x00000000cae80000, 0x00000000eab00000)
  object space 178688K, 86% used [0x00000000c0000000,0x00000000c97a1288,0x00000000cae80000)
 Metaspace       used 71776K, committed 73088K, reserved 1179648K
  class space    used 7459K, committed 8064K, reserved 1048576K
}
Event: 33.426 GC heap after
{Heap after GC invocations=265 (full 13):
 PSYoungGen      total 13312K, used 2399K [0x00000000eab00000, 0x00000000ebb80000, 0x0000000100000000)
  eden space 9728K, 0% used [0x00000000eab00000,0x00000000eab00000,0x00000000eb480000)
  from space 3584K, 66% used [0x00000000eb480000,0x00000000eb6d7c08,0x00000000eb800000)
  to   space 3072K, 0% used [0x00000000eb880000,0x00000000eb880000,0x00000000ebb80000)
 ParOldGen       total 178688K, used 155980K [0x00000000c0000000, 0x00000000cae80000, 0x00000000eab00000)
  object space 178688K, 87% used [0x00000000c0000000,0x00000000c9853288,0x00000000cae80000)
 Metaspace       used 71776K, committed 73088K, reserved 1179648K
  class space    used 7459K, committed 8064K, reserved 1048576K
}
Event: 33.439 GC heap before
{Heap before GC invocations=266 (full 13):
 PSYoungGen      total 13312K, used 12127K [0x00000000eab00000, 0x00000000ebb80000, 0x0000000100000000)
  eden space 9728K, 100% used [0x00000000eab00000,0x00000000eb480000,0x00000000eb480000)
  from space 3584K, 66% used [0x00000000eb480000,0x00000000eb6d7c08,0x00000000eb800000)
  to   space 3072K, 0% used [0x00000000eb880000,0x00000000eb880000,0x00000000ebb80000)
 ParOldGen       total 178688K, used 155980K [0x00000000c0000000, 0x00000000cae80000, 0x00000000eab00000)
  object space 178688K, 87% used [0x00000000c0000000,0x00000000c9853288,0x00000000cae80000)
 Metaspace       used 71776K, committed 73088K, reserved 1179648K
  class space    used 7459K, committed 8064K, reserved 1048576K
}
Event: 33.445 GC heap after
{Heap after GC invocations=266 (full 13):
 PSYoungGen      total 13824K, used 2088K [0x00000000eab00000, 0x00000000ebb00000, 0x0000000100000000)
  eden space 11264K, 0% used [0x00000000eab00000,0x00000000eab00000,0x00000000eb600000)
  from space 2560K, 81% used [0x00000000eb880000,0x00000000eba8a058,0x00000000ebb00000)
  to   space 2560K, 0% used [0x00000000eb600000,0x00000000eb600000,0x00000000eb880000)
 ParOldGen       total 178688K, used 156548K [0x00000000c0000000, 0x00000000cae80000, 0x00000000eab00000)
  object space 178688K, 87% used [0x00000000c0000000,0x00000000c98e1288,0x00000000cae80000)
 Metaspace       used 71776K, committed 73088K, reserved 1179648K
  class space    used 7459K, committed 8064K, reserved 1048576K
}
Event: 33.467 GC heap before
{Heap before GC invocations=267 (full 13):
 PSYoungGen      total 13824K, used 13352K [0x00000000eab00000, 0x00000000ebb00000, 0x0000000100000000)
  eden space 11264K, 100% used [0x00000000eab00000,0x00000000eb600000,0x00000000eb600000)
  from space 2560K, 81% used [0x00000000eb880000,0x00000000eba8a058,0x00000000ebb00000)
  to   space 2560K, 0% used [0x00000000eb600000,0x00000000eb600000,0x00000000eb880000)
 ParOldGen       total 178688K, used 156548K [0x00000000c0000000, 0x00000000cae80000, 0x00000000eab00000)
  object space 178688K, 87% used [0x00000000c0000000,0x00000000c98e1288,0x00000000cae80000)
 Metaspace       used 71782K, committed 73088K, reserved 1179648K
  class space    used 7459K, committed 8064K, reserved 1048576K
}
Event: 33.471 GC heap after
{Heap after GC invocations=267 (full 13):
 PSYoungGen      total 13824K, used 1388K [0x00000000eab00000, 0x00000000ebb80000, 0x0000000100000000)
  eden space 11264K, 0% used [0x00000000eab00000,0x00000000eab00000,0x00000000eb600000)
  from space 2560K, 54% used [0x00000000eb600000,0x00000000eb75b108,0x00000000eb880000)
  to   space 2048K, 0% used [0x00000000eb980000,0x00000000eb980000,0x00000000ebb80000)
 ParOldGen       total 178688K, used 157460K [0x00000000c0000000, 0x00000000cae80000, 0x00000000eab00000)
  object space 178688K, 88% used [0x00000000c0000000,0x00000000c99c5208,0x00000000cae80000)
 Metaspace       used 71782K, committed 73088K, reserved 1179648K
  class space    used 7459K, committed 8064K, reserved 1048576K
}
Event: 33.482 GC heap before
{Heap before GC invocations=268 (full 13):
 PSYoungGen      total 13824K, used 12652K [0x00000000eab00000, 0x00000000ebb80000, 0x0000000100000000)
  eden space 11264K, 100% used [0x00000000eab00000,0x00000000eb600000,0x00000000eb600000)
  from space 2560K, 54% used [0x00000000eb600000,0x00000000eb75b108,0x00000000eb880000)
  to   space 2048K, 0% used [0x00000000eb980000,0x00000000eb980000,0x00000000ebb80000)
 ParOldGen       total 178688K, used 157460K [0x00000000c0000000, 0x00000000cae80000, 0x00000000eab00000)
  object space 178688K, 88% used [0x00000000c0000000,0x00000000c99c5208,0x00000000cae80000)
 Metaspace       used 71782K, committed 73088K, reserved 1179648K
  class space    used 7459K, committed 8064K, reserved 1048576K
}
Event: 33.485 GC heap after
{Heap after GC invocations=268 (full 13):
 PSYoungGen      total 14336K, used 1087K [0x00000000eab00000, 0x00000000ebb00000, 0x0000000100000000)
  eden space 12800K, 0% used [0x00000000eab00000,0x00000000eab00000,0x00000000eb780000)
  from space 1536K, 70% used [0x00000000eb980000,0x00000000eba8ffb8,0x00000000ebb00000)
  to   space 1536K, 0% used [0x00000000eb800000,0x00000000eb800000,0x00000000eb980000)
 ParOldGen       total 178688K, used 157995K [0x00000000c0000000, 0x00000000cae80000, 0x00000000eab00000)
  object space 178688K, 88% used [0x00000000c0000000,0x00000000c9a4ae10,0x00000000cae80000)
 Metaspace       used 71782K, committed 73088K, reserved 1179648K
  class space    used 7459K, committed 8064K, reserved 1048576K
}
Event: 33.498 GC heap before
{Heap before GC invocations=269 (full 13):
 PSYoungGen      total 14336K, used 13887K [0x00000000eab00000, 0x00000000ebb00000, 0x0000000100000000)
  eden space 12800K, 100% used [0x00000000eab00000,0x00000000eb780000,0x00000000eb780000)
  from space 1536K, 70% used [0x00000000eb980000,0x00000000eba8ffb8,0x00000000ebb00000)
  to   space 1536K, 0% used [0x00000000eb800000,0x00000000eb800000,0x00000000eb980000)
 ParOldGen       total 178688K, used 157995K [0x00000000c0000000, 0x00000000cae80000, 0x00000000eab00000)
  object space 178688K, 88% used [0x00000000c0000000,0x00000000c9a4ae10,0x00000000cae80000)
 Metaspace       used 71784K, committed 73088K, reserved 1179648K
  class space    used 7459K, committed 8064K, reserved 1048576K
}
Event: 33.501 GC heap after
{Heap after GC invocations=269 (full 13):
 PSYoungGen      total 14848K, used 1525K [0x00000000eab00000, 0x00000000ebd00000, 0x0000000100000000)
  eden space 13312K, 0% used [0x00000000eab00000,0x00000000eab00000,0x00000000eb800000)
  from space 1536K, 99% used [0x00000000eb800000,0x00000000eb97d7f0,0x00000000eb980000)
  to   space 2048K, 0% used [0x00000000ebb00000,0x00000000ebb00000,0x00000000ebd00000)
 ParOldGen       total 178688K, used 158155K [0x00000000c0000000, 0x00000000cae80000, 0x00000000eab00000)
  object space 178688K, 88% used [0x00000000c0000000,0x00000000c9a72e10,0x00000000cae80000)
 Metaspace       used 71784K, committed 73088K, reserved 1179648K
  class space    used 7459K, committed 8064K, reserved 1048576K
}
Event: 33.521 GC heap before
{Heap before GC invocations=270 (full 13):
 PSYoungGen      total 14848K, used 14837K [0x00000000eab00000, 0x00000000ebd00000, 0x0000000100000000)
  eden space 13312K, 100% used [0x00000000eab00000,0x00000000eb800000,0x00000000eb800000)
  from space 1536K, 99% used [0x00000000eb800000,0x00000000eb97d7f0,0x00000000eb980000)
  to   space 2048K, 0% used [0x00000000ebb00000,0x00000000ebb00000,0x00000000ebd00000)
 ParOldGen       total 178688K, used 158155K [0x00000000c0000000, 0x00000000cae80000, 0x00000000eab00000)
  object space 178688K, 88% used [0x00000000c0000000,0x00000000c9a72e10,0x00000000cae80000)
 Metaspace       used 71784K, committed 73088K, reserved 1179648K
  class space    used 7459K, committed 8064K, reserved 1048576K
}
Event: 33.525 GC heap after
{Heap after GC invocations=270 (full 13):
 PSYoungGen      total 16384K, used 1807K [0x00000000eab00000, 0x00000000ebe00000, 0x0000000100000000)
  eden space 14336K, 0% used [0x00000000eab00000,0x00000000eab00000,0x00000000eb900000)
  from space 2048K, 88% used [0x00000000ebb00000,0x00000000ebcc3f08,0x00000000ebd00000)
  to   space 2048K, 0% used [0x00000000eb900000,0x00000000eb900000,0x00000000ebb00000)
 ParOldGen       total 178688K, used 158359K [0x00000000c0000000, 0x00000000cae80000, 0x00000000eab00000)
  object space 178688K, 88% used [0x00000000c0000000,0x00000000c9aa5fa0,0x00000000cae80000)
 Metaspace       used 71784K, committed 73088K, reserved 1179648K
  class space    used 7459K, committed 8064K, reserved 1048576K
}
Event: 33.549 GC heap before
{Heap before GC invocations=271 (full 13):
 PSYoungGen      total 16384K, used 16143K [0x00000000eab00000, 0x00000000ebe00000, 0x0000000100000000)
  eden space 14336K, 100% used [0x00000000eab00000,0x00000000eb900000,0x00000000eb900000)
  from space 2048K, 88% used [0x00000000ebb00000,0x00000000ebcc3f08,0x00000000ebd00000)
  to   space 2048K, 0% used [0x00000000eb900000,0x00000000eb900000,0x00000000ebb00000)
 ParOldGen       total 178688K, used 158359K [0x00000000c0000000, 0x00000000cae80000, 0x00000000eab00000)
  object space 178688K, 88% used [0x00000000c0000000,0x00000000c9aa5fa0,0x00000000cae80000)
 Metaspace       used 71786K, committed 73088K, reserved 1179648K
  class space    used 7459K, committed 8064K, reserved 1048576K
}
Event: 33.553 GC heap after
{Heap after GC invocations=271 (full 13):
 PSYoungGen      total 16384K, used 1458K [0x00000000eab00000, 0x00000000ebf00000, 0x0000000100000000)
  eden space 14336K, 0% used [0x00000000eab00000,0x00000000eab00000,0x00000000eb900000)
  from space 2048K, 71% used [0x00000000eb900000,0x00000000eba6ca90,0x00000000ebb00000)
  to   space 2048K, 0% used [0x00000000ebd00000,0x00000000ebd00000,0x00000000ebf00000)
 ParOldGen       total 178688K, used 158571K [0x00000000c0000000, 0x00000000cae80000, 0x00000000eab00000)
  object space 178688K, 88% used [0x00000000c0000000,0x00000000c9adaf48,0x00000000cae80000)
 Metaspace       used 71786K, committed 73088K, reserved 1179648K
  class space    used 7459K, committed 8064K, reserved 1048576K
}

