# JRE version: OpenJDK Runtime Environment Temurin-17.0.13+11 (17.0.13+11) (build 17.0.13+11)
# Java VM: OpenJDK 64-Bit Server VM Temurin-17.0.13+11 (17.0.13+11, mixed mode, tiered, compressed oops, compressed class ptrs, parallel gc, windows-amd64)
GC Precious Log:
 CPUs: 12 total, 12 available
 Memory: 7916M
 Large Page Support: Disabled
 NUMA Support: Disabled
 Compressed Oops: Enabled (32-bit)
 Alignments: Space 512K, Generation 512K, Heap 2M
 Heap Min Capacity: 100M
 Heap Initial Capacity: 100M
 Heap Max Capacity: 1G
 Pre-touch: Disabled
 Parallel Workers: 10
Heap:
 PSYoungGen      total 12800K, used 11376K [0x00000000eab00000, 0x00000000ebb00000, 0x0000000100000000)
  eden space 11264K, 87% used [0x00000000eab00000,0x00000000eb49d6d0,0x00000000eb600000)
  from space 1536K, 99% used [0x00000000eb880000,0x00000000eb9feb30,0x00000000eba00000)
  to   space 2560K, 0% used [0x00000000eb600000,0x00000000eb600000,0x00000000eb880000)
 ParOldGen       total 192512K, used 171027K [0x00000000c0000000, 0x00000000cbc00000, 0x00000000eab00000)
  object space 192512K, 88% used [0x00000000c0000000,0x00000000ca704c68,0x00000000cbc00000)
 Metaspace       used 111889K, committed 113344K, reserved 1179648K
  class space    used 11195K, committed 11840K, reserved 1048576K
GC Heap History (20 events):
Event: 3519.360 GC heap before
{Heap before GC invocations=8194 (full 200):
 PSYoungGen      total 9216K, used 9196K [0x00000000eab00000, 0x00000000eb700000, 0x0000000100000000)
  eden space 8192K, 100% used [0x00000000eab00000,0x00000000eb300000,0x00000000eb300000)
  from space 1024K, 98% used [0x00000000eb480000,0x00000000eb57b1c0,0x00000000eb580000)
  to   space 1536K, 0% used [0x00000000eb300000,0x00000000eb300000,0x00000000eb480000)
 ParOldGen       total 188416K, used 175327K [0x00000000c0000000, 0x00000000cb800000, 0x00000000eab00000)
  object space 188416K, 93% used [0x00000000c0000000,0x00000000cab37ce8,0x00000000cb800000)
 Metaspace       used 111851K, committed 113344K, reserved 1179648K
  class space    used 11195K, committed 11840K, reserved 1048576K
}
Event: 3519.362 GC heap after
{Heap after GC invocations=8194 (full 200):
 PSYoungGen      total 9728K, used 1532K [0x00000000eab00000, 0x00000000ec100000, 0x0000000100000000)
  eden space 8192K, 0% used [0x00000000eab00000,0x00000000eab00000,0x00000000eb300000)
  from space 1536K, 99% used [0x00000000eb300000,0x00000000eb47f250,0x00000000eb480000)
  to   space 6656K, 0% used [0x00000000eba80000,0x00000000eba80000,0x00000000ec100000)
 ParOldGen       total 188416K, used 179236K [0x00000000c0000000, 0x00000000cb800000, 0x00000000eab00000)
  object space 188416K, 95% used [0x00000000c0000000,0x00000000caf090b8,0x00000000cb800000)
 Metaspace       used 111851K, committed 113344K, reserved 1179648K
  class space    used 11195K, committed 11840K, reserved 1048576K
}
Event: 3519.381 GC heap before
{Heap before GC invocations=8195 (full 200):
 PSYoungGen      total 9728K, used 9724K [0x00000000eab00000, 0x00000000ec100000, 0x0000000100000000)
  eden space 8192K, 100% used [0x00000000eab00000,0x00000000eb300000,0x00000000eb300000)
  from space 1536K, 99% used [0x00000000eb300000,0x00000000eb47f250,0x00000000eb480000)
  to   space 6656K, 0% used [0x00000000eba80000,0x00000000eba80000,0x00000000ec100000)
 ParOldGen       total 188416K, used 179236K [0x00000000c0000000, 0x00000000cb800000, 0x00000000eab00000)
  object space 188416K, 95% used [0x00000000c0000000,0x00000000caf090b8,0x00000000cb800000)
 Metaspace       used 111851K, committed 113344K, reserved 1179648K
  class space    used 11195K, committed 11840K, reserved 1048576K
}
Event: 3519.383 GC heap after
{Heap after GC invocations=8195 (full 200):
 PSYoungGen      total 11264K, used 1606K [0x00000000eab00000, 0x00000000ebc80000, 0x0000000100000000)
  eden space 9216K, 0% used [0x00000000eab00000,0x00000000eab00000,0x00000000eb400000)
  from space 2048K, 78% used [0x00000000eba80000,0x00000000ebc11ac0,0x00000000ebc80000)
  to   space 3072K, 0% used [0x00000000eb680000,0x00000000eb680000,0x00000000eb980000)
 ParOldGen       total 188416K, used 179392K [0x00000000c0000000, 0x00000000cb800000, 0x00000000eab00000)
  object space 188416K, 95% used [0x00000000c0000000,0x00000000caf302b8,0x00000000cb800000)
 Metaspace       used 111851K, committed 113344K, reserved 1179648K
  class space    used 11195K, committed 11840K, reserved 1048576K
}
Event: 3519.892 GC heap before
{Heap before GC invocations=8196 (full 200):
 PSYoungGen      total 11264K, used 10822K [0x00000000eab00000, 0x00000000ebc80000, 0x0000000100000000)
  eden space 9216K, 100% used [0x00000000eab00000,0x00000000eb400000,0x00000000eb400000)
  from space 2048K, 78% used [0x00000000eba80000,0x00000000ebc11ac0,0x00000000ebc80000)
  to   space 3072K, 0% used [0x00000000eb680000,0x00000000eb680000,0x00000000eb980000)
 ParOldGen       total 188416K, used 179392K [0x00000000c0000000, 0x00000000cb800000, 0x00000000eab00000)
  object space 188416K, 95% used [0x00000000c0000000,0x00000000caf302b8,0x00000000cb800000)
 Metaspace       used 111851K, committed 113344K, reserved 1179648K
  class space    used 11195K, committed 11840K, reserved 1048576K
}
Event: 3519.894 GC heap after
{Heap after GC invocations=8196 (full 200):
 PSYoungGen      total 11776K, used 1398K [0x00000000eab00000, 0x00000000ebb00000, 0x0000000100000000)
  eden space 10240K, 0% used [0x00000000eab00000,0x00000000eab00000,0x00000000eb500000)
  from space 1536K, 91% used [0x00000000eb680000,0x00000000eb7ddad0,0x00000000eb800000)
  to   space 2048K, 0% used [0x00000000eb900000,0x00000000eb900000,0x00000000ebb00000)
 ParOldGen       total 188416K, used 179392K [0x00000000c0000000, 0x00000000cb800000, 0x00000000eab00000)
  object space 188416K, 95% used [0x00000000c0000000,0x00000000caf302b8,0x00000000cb800000)
 Metaspace       used 111851K, committed 113344K, reserved 1179648K
  class space    used 11195K, committed 11840K, reserved 1048576K
}
Event: 3522.052 GC heap before
{Heap before GC invocations=8197 (full 200):
 PSYoungGen      total 11776K, used 11638K [0x00000000eab00000, 0x00000000ebb00000, 0x0000000100000000)
  eden space 10240K, 100% used [0x00000000eab00000,0x00000000eb500000,0x00000000eb500000)
  from space 1536K, 91% used [0x00000000eb680000,0x00000000eb7ddad0,0x00000000eb800000)
  to   space 2048K, 0% used [0x00000000eb900000,0x00000000eb900000,0x00000000ebb00000)
 ParOldGen       total 188416K, used 179392K [0x00000000c0000000, 0x00000000cb800000, 0x00000000eab00000)
  object space 188416K, 95% used [0x00000000c0000000,0x00000000caf302b8,0x00000000cb800000)
 Metaspace       used 111851K, committed 113344K, reserved 1179648K
  class space    used 11195K, committed 11840K, reserved 1048576K
}
Event: 3522.054 GC heap after
{Heap after GC invocations=8197 (full 200):
 PSYoungGen      total 11776K, used 1170K [0x00000000eab00000, 0x00000000eba80000, 0x0000000100000000)
  eden space 10240K, 0% used [0x00000000eab00000,0x00000000eab00000,0x00000000eb500000)
  from space 1536K, 76% used [0x00000000eb900000,0x00000000eba248a0,0x00000000eba80000)
  to   space 1536K, 0% used [0x00000000eb680000,0x00000000eb680000,0x00000000eb800000)
 ParOldGen       total 188416K, used 179392K [0x00000000c0000000, 0x00000000cb800000, 0x00000000eab00000)
  object space 188416K, 95% used [0x00000000c0000000,0x00000000caf302b8,0x00000000cb800000)
 Metaspace       used 111851K, committed 113344K, reserved 1179648K
  class space    used 11195K, committed 11840K, reserved 1048576K
}
Event: 3522.065 GC heap before
{Heap before GC invocations=8198 (full 200):
 PSYoungGen      total 11776K, used 11410K [0x00000000eab00000, 0x00000000eba80000, 0x0000000100000000)
  eden space 10240K, 100% used [0x00000000eab00000,0x00000000eb500000,0x00000000eb500000)
  from space 1536K, 76% used [0x00000000eb900000,0x00000000eba248a0,0x00000000eba80000)
  to   space 1536K, 0% used [0x00000000eb680000,0x00000000eb680000,0x00000000eb800000)
 ParOldGen       total 188416K, used 179392K [0x00000000c0000000, 0x00000000cb800000, 0x00000000eab00000)
  object space 188416K, 95% used [0x00000000c0000000,0x00000000caf302b8,0x00000000cb800000)
 Metaspace       used 111851K, committed 113344K, reserved 1179648K
  class space    used 11195K, committed 11840K, reserved 1048576K
}
Event: 3522.067 GC heap after
{Heap after GC invocations=8198 (full 200):
 PSYoungGen      total 12800K, used 1532K [0x00000000eab00000, 0x00000000ebc00000, 0x0000000100000000)
  eden space 11264K, 0% used [0x00000000eab00000,0x00000000eab00000,0x00000000eb600000)
  from space 1536K, 99% used [0x00000000eb680000,0x00000000eb7ff1d0,0x00000000eb800000)
  to   space 3072K, 0% used [0x00000000eb900000,0x00000000eb900000,0x00000000ebc00000)
 ParOldGen       total 188416K, used 180271K [0x00000000c0000000, 0x00000000cb800000, 0x00000000eab00000)
  object space 188416K, 95% used [0x00000000c0000000,0x00000000cb00bd78,0x00000000cb800000)
 Metaspace       used 111851K, committed 113344K, reserved 1179648K
  class space    used 11195K, committed 11840K, reserved 1048576K
}
Event: 3522.307 GC heap before
{Heap before GC invocations=8199 (full 200):
 PSYoungGen      total 12800K, used 12796K [0x00000000eab00000, 0x00000000ebc00000, 0x0000000100000000)
  eden space 11264K, 100% used [0x00000000eab00000,0x00000000eb600000,0x00000000eb600000)
  from space 1536K, 99% used [0x00000000eb680000,0x00000000eb7ff1d0,0x00000000eb800000)
  to   space 3072K, 0% used [0x00000000eb900000,0x00000000eb900000,0x00000000ebc00000)
 ParOldGen       total 188416K, used 180271K [0x00000000c0000000, 0x00000000cb800000, 0x00000000eab00000)
  object space 188416K, 95% used [0x00000000c0000000,0x00000000cb00bd78,0x00000000cb800000)
 Metaspace       used 111851K, committed 113344K, reserved 1179648K
  class space    used 11195K, committed 11840K, reserved 1048576K
}
Event: 3522.309 GC heap after
{Heap after GC invocations=8199 (full 200):
 PSYoungGen      total 12800K, used 1243K [0x00000000eab00000, 0x00000000eba80000, 0x0000000100000000)
  eden space 11264K, 0% used [0x00000000eab00000,0x00000000eab00000,0x00000000eb600000)
  from space 1536K, 80% used [0x00000000eb900000,0x00000000eba36ce0,0x00000000eba80000)
  to   space 2048K, 0% used [0x00000000eb680000,0x00000000eb680000,0x00000000eb880000)
 ParOldGen       total 188416K, used 181257K [0x00000000c0000000, 0x00000000cb800000, 0x00000000eab00000)
  object space 188416K, 96% used [0x00000000c0000000,0x00000000cb102618,0x00000000cb800000)
 Metaspace       used 111851K, committed 113344K, reserved 1179648K
  class space    used 11195K, committed 11840K, reserved 1048576K
}
Event: 3522.717 GC heap before
{Heap before GC invocations=8200 (full 200):
 PSYoungGen      total 12800K, used 12502K [0x00000000eab00000, 0x00000000eba80000, 0x0000000100000000)
  eden space 11264K, 99% used [0x00000000eab00000,0x00000000eb5fedd8,0x00000000eb600000)
  from space 1536K, 80% used [0x00000000eb900000,0x00000000eba36ce0,0x00000000eba80000)
  to   space 2048K, 0% used [0x00000000eb680000,0x00000000eb680000,0x00000000eb880000)
 ParOldGen       total 188416K, used 181257K [0x00000000c0000000, 0x00000000cb800000, 0x00000000eab00000)
  object space 188416K, 96% used [0x00000000c0000000,0x00000000cb102618,0x00000000cb800000)
 Metaspace       used 111851K, committed 113344K, reserved 1179648K
  class space    used 11195K, committed 11840K, reserved 1048576K
}
Event: 3522.718 GC heap after
{Heap after GC invocations=8200 (full 200):
 PSYoungGen      total 13312K, used 1917K [0x00000000eab00000, 0x00000000eba00000, 0x0000000100000000)
  eden space 11264K, 0% used [0x00000000eab00000,0x00000000eab00000,0x00000000eb600000)
  from space 2048K, 93% used [0x00000000eb680000,0x00000000eb85f590,0x00000000eb880000)
  to   space 1536K, 0% used [0x00000000eb880000,0x00000000eb880000,0x00000000eba00000)
 ParOldGen       total 188416K, used 181257K [0x00000000c0000000, 0x00000000cb800000, 0x00000000eab00000)
  object space 188416K, 96% used [0x00000000c0000000,0x00000000cb102618,0x00000000cb800000)
 Metaspace       used 111851K, committed 113344K, reserved 1179648K
  class space    used 11195K, committed 11840K, reserved 1048576K
}
Event: 3523.472 GC heap before
{Heap before GC invocations=8201 (full 200):
 PSYoungGen      total 13312K, used 13168K [0x00000000eab00000, 0x00000000eba00000, 0x0000000100000000)
  eden space 11264K, 99% used [0x00000000eab00000,0x00000000eb5fcdb8,0x00000000eb600000)
  from space 2048K, 93% used [0x00000000eb680000,0x00000000eb85f590,0x00000000eb880000)
  to   space 1536K, 0% used [0x00000000eb880000,0x00000000eb880000,0x00000000eba00000)
 ParOldGen       total 188416K, used 181257K [0x00000000c0000000, 0x00000000cb800000, 0x00000000eab00000)
  object space 188416K, 96% used [0x00000000c0000000,0x00000000cb102618,0x00000000cb800000)
 Metaspace       used 111853K, committed 113344K, reserved 1179648K
  class space    used 11195K, committed 11840K, reserved 1048576K
}
Event: 3523.474 GC heap after
{Heap after GC invocations=8201 (full 200):
 PSYoungGen      total 12800K, used 1509K [0x00000000eab00000, 0x00000000ebb00000, 0x0000000100000000)
  eden space 11264K, 0% used [0x00000000eab00000,0x00000000eab00000,0x00000000eb600000)
  from space 1536K, 98% used [0x00000000eb880000,0x00000000eb9f94b0,0x00000000eba00000)
  to   space 2560K, 0% used [0x00000000eb600000,0x00000000eb600000,0x00000000eb880000)
 ParOldGen       total 188416K, used 182112K [0x00000000c0000000, 0x00000000cb800000, 0x00000000eab00000)
  object space 188416K, 96% used [0x00000000c0000000,0x00000000cb1d80f8,0x00000000cb800000)
 Metaspace       used 111853K, committed 113344K, reserved 1179648K
  class space    used 11195K, committed 11840K, reserved 1048576K
}
Event: 3523.497 GC heap before
{Heap before GC invocations=8202 (full 200):
 PSYoungGen      total 12800K, used 12773K [0x00000000eab00000, 0x00000000ebb00000, 0x0000000100000000)
  eden space 11264K, 100% used [0x00000000eab00000,0x00000000eb600000,0x00000000eb600000)
  from space 1536K, 98% used [0x00000000eb880000,0x00000000eb9f94b0,0x00000000eba00000)
  to   space 2560K, 0% used [0x00000000eb600000,0x00000000eb600000,0x00000000eb880000)
 ParOldGen       total 188416K, used 182112K [0x00000000c0000000, 0x00000000cb800000, 0x00000000eab00000)
  object space 188416K, 96% used [0x00000000c0000000,0x00000000cb1d80f8,0x00000000cb800000)
 Metaspace       used 111853K, committed 113344K, reserved 1179648K
  class space    used 11195K, committed 11840K, reserved 1048576K
}
Event: 3523.506 GC heap after
{Heap after GC invocations=8202 (full 200):
 PSYoungGen      total 13824K, used 2556K [0x00000000eab00000, 0x00000000ebb00000, 0x0000000100000000)
  eden space 11264K, 0% used [0x00000000eab00000,0x00000000eab00000,0x00000000eb600000)
  from space 2560K, 99% used [0x00000000eb600000,0x00000000eb87f3e0,0x00000000eb880000)
  to   space 1536K, 0% used [0x00000000eb880000,0x00000000eb880000,0x00000000eba00000)
 ParOldGen       total 192512K, used 192364K [0x00000000c0000000, 0x00000000cbc00000, 0x00000000eab00000)
  object space 192512K, 99% used [0x00000000c0000000,0x00000000cbbdb338,0x00000000cbc00000)
 Metaspace       used 111853K, committed 113344K, reserved 1179648K
  class space    used 11195K, committed 11840K, reserved 1048576K
}
Event: 3523.575 GC heap before
{Heap before GC invocations=8203 (full 201):
 PSYoungGen      total 13824K, used 13789K [0x00000000eab00000, 0x00000000ebb00000, 0x0000000100000000)
  eden space 11264K, 99% used [0x00000000eab00000,0x00000000eb5f8328,0x00000000eb600000)
  from space 2560K, 99% used [0x00000000eb600000,0x00000000eb87f3e0,0x00000000eb880000)
  to   space 1536K, 0% used [0x00000000eb880000,0x00000000eb880000,0x00000000eba00000)
 ParOldGen       total 192512K, used 192364K [0x00000000c0000000, 0x00000000cbc00000, 0x00000000eab00000)
  object space 192512K, 99% used [0x00000000c0000000,0x00000000cbbdb338,0x00000000cbc00000)
 Metaspace       used 111886K, committed 113344K, reserved 1179648K
  class space    used 11195K, committed 11840K, reserved 1048576K
}
Event: 3523.708 GC heap after
{Heap after GC invocations=8203 (full 201):
 PSYoungGen      total 12800K, used 0K [0x00000000eab00000, 0x00000000ebb00000, 0x0000000100000000)
  eden space 11264K, 0% used [0x00000000eab00000,0x00000000eab00000,0x00000000eb600000)
  from space 1536K, 0% used [0x00000000eb880000,0x00000000eb880000,0x00000000eba00000)
  to   space 2560K, 0% used [0x00000000eb600000,0x00000000eb600000,0x00000000eb880000)
 ParOldGen       total 192512K, used 148881K [0x00000000c0000000, 0x00000000cbc00000, 0x00000000eab00000)
  object space 192512K, 77% used [0x00000000c0000000,0x00000000c9164568,0x00000000cbc00000)
 Metaspace       used 111886K, committed 113344K, reserved 1179648K
  class space    used 11195K, committed 11840K, reserved 1048576K
}

