# JRE version: OpenJDK Runtime Environment Temurin-17.0.13+11 (17.0.13+11) (build 17.0.13+11)
# Java VM: OpenJDK 64-Bit Server VM Temurin-17.0.13+11 (17.0.13+11, mixed mode, tiered, compressed oops, compressed class ptrs, g1 gc, windows-amd64)
GC Precious Log:
 CPUs: 12 total, 12 available
 Memory: 7916M
 Large Page Support: Disabled
 NUMA Support: Disabled
 Compressed Oops: Enabled (32-bit)
 Heap Region Size: 1M
 Heap Min Capacity: 8M
 Heap Initial Capacity: 124M
 Heap Max Capacity: 1980M
 Pre-touch: Disabled
 Parallel Workers: 10
 Concurrent Workers: 3
 Concurrent Refinement Workers: 10
 Periodic GC: Disabled
Heap:
 garbage-first heap   total 68608K, used 49473K [0x0000000084400000, 0x0000000100000000)
  region size 1024K, 26 young (26624K), 4 survivors (4096K)
 Metaspace       used 74511K, committed 75072K, reserved 1179648K
  class space    used 10043K, committed 10304K, reserved 1048576K
GC Heap History (20 events):
Event: 1.646 GC heap before
{Heap before GC invocations=6 (full 0):
 garbage-first heap   total 37888K, used 26246K [0x0000000084400000, 0x0000000100000000)
  region size 1024K, 16 young (16384K), 1 survivors (1024K)
 Metaspace       used 28103K, committed 28352K, reserved 1114112K
  class space    used 3442K, committed 3584K, reserved 1048576K
}
Event: 1.648 GC heap after
{Heap after GC invocations=7 (full 0):
 garbage-first heap   total 37888K, used 13716K [0x0000000084400000, 0x0000000100000000)
  region size 1024K, 2 young (2048K), 2 survivors (2048K)
 Metaspace       used 28103K, committed 28352K, reserved 1114112K
  class space    used 3442K, committed 3584K, reserved 1048576K
}
Event: 1.856 GC heap before
{Heap before GC invocations=7 (full 0):
 garbage-first heap   total 37888K, used 27028K [0x0000000084400000, 0x0000000100000000)
  region size 1024K, 16 young (16384K), 2 survivors (2048K)
 Metaspace       used 29663K, committed 29952K, reserved 1114112K
  class space    used 3610K, committed 3776K, reserved 1048576K
}
Event: 1.859 GC heap after
{Heap after GC invocations=8 (full 0):
 garbage-first heap   total 37888K, used 14924K [0x0000000084400000, 0x0000000100000000)
  region size 1024K, 2 young (2048K), 2 survivors (2048K)
 Metaspace       used 29663K, committed 29952K, reserved 1114112K
  class space    used 3610K, committed 3776K, reserved 1048576K
}
Event: 2.260 GC heap before
{Heap before GC invocations=8 (full 0):
 garbage-first heap   total 37888K, used 28236K [0x0000000084400000, 0x0000000100000000)
  region size 1024K, 15 young (15360K), 2 survivors (2048K)
 Metaspace       used 31469K, committed 31808K, reserved 1114112K
  class space    used 3876K, committed 4032K, reserved 1048576K
}
Event: 2.263 GC heap after
{Heap after GC invocations=9 (full 0):
 garbage-first heap   total 71680K, used 15737K [0x0000000084400000, 0x0000000100000000)
  region size 1024K, 2 young (2048K), 2 survivors (2048K)
 Metaspace       used 31469K, committed 31808K, reserved 1114112K
  class space    used 3876K, committed 4032K, reserved 1048576K
}
Event: 3.015 GC heap before
{Heap before GC invocations=9 (full 0):
 garbage-first heap   total 71680K, used 40313K [0x0000000084400000, 0x0000000100000000)
  region size 1024K, 27 young (27648K), 2 survivors (2048K)
 Metaspace       used 35690K, committed 36096K, reserved 1114112K
  class space    used 4519K, committed 4736K, reserved 1048576K
}
Event: 3.020 GC heap after
{Heap after GC invocations=10 (full 0):
 garbage-first heap   total 71680K, used 18014K [0x0000000084400000, 0x0000000100000000)
  region size 1024K, 5 young (5120K), 5 survivors (5120K)
 Metaspace       used 35690K, committed 36096K, reserved 1114112K
  class space    used 4519K, committed 4736K, reserved 1048576K
}
Event: 3.863 GC heap before
{Heap before GC invocations=11 (full 0):
 garbage-first heap   total 68608K, used 52830K [0x0000000084400000, 0x0000000100000000)
  region size 1024K, 39 young (39936K), 5 survivors (5120K)
 Metaspace       used 42716K, committed 43200K, reserved 1114112K
  class space    used 5397K, committed 5632K, reserved 1048576K
}
Event: 3.868 GC heap after
{Heap after GC invocations=12 (full 0):
 garbage-first heap   total 68608K, used 20478K [0x0000000084400000, 0x0000000100000000)
  region size 1024K, 5 young (5120K), 5 survivors (5120K)
 Metaspace       used 42716K, committed 43200K, reserved 1114112K
  class space    used 5397K, committed 5632K, reserved 1048576K
}
Event: 4.523 GC heap before
{Heap before GC invocations=12 (full 0):
 garbage-first heap   total 68608K, used 51198K [0x0000000084400000, 0x0000000100000000)
  region size 1024K, 35 young (35840K), 5 survivors (5120K)
 Metaspace       used 51304K, committed 51776K, reserved 1114112K
  class space    used 6564K, committed 6784K, reserved 1048576K
}
Event: 4.528 GC heap after
{Heap after GC invocations=13 (full 0):
 garbage-first heap   total 68608K, used 22132K [0x0000000084400000, 0x0000000100000000)
  region size 1024K, 5 young (5120K), 5 survivors (5120K)
 Metaspace       used 51304K, committed 51776K, reserved 1114112K
  class space    used 6564K, committed 6784K, reserved 1048576K
}
Event: 5.038 GC heap before
{Heap before GC invocations=13 (full 0):
 garbage-first heap   total 68608K, used 51828K [0x0000000084400000, 0x0000000100000000)
  region size 1024K, 34 young (34816K), 5 survivors (5120K)
 Metaspace       used 57995K, committed 58432K, reserved 1114112K
  class space    used 7510K, committed 7680K, reserved 1048576K
}
Event: 5.041 GC heap after
{Heap after GC invocations=14 (full 0):
 garbage-first heap   total 68608K, used 24015K [0x0000000084400000, 0x0000000100000000)
  region size 1024K, 4 young (4096K), 4 survivors (4096K)
 Metaspace       used 57995K, committed 58432K, reserved 1114112K
  class space    used 7510K, committed 7680K, reserved 1048576K
}
Event: 5.163 GC heap before
{Heap before GC invocations=14 (full 0):
 garbage-first heap   total 68608K, used 32207K [0x0000000084400000, 0x0000000100000000)
  region size 1024K, 13 young (13312K), 4 survivors (4096K)
 Metaspace       used 59829K, committed 60288K, reserved 1114112K
  class space    used 7716K, committed 7936K, reserved 1048576K
}
Event: 5.167 GC heap after
{Heap after GC invocations=15 (full 0):
 garbage-first heap   total 68608K, used 24518K [0x0000000084400000, 0x0000000100000000)
  region size 1024K, 3 young (3072K), 3 survivors (3072K)
 Metaspace       used 59829K, committed 60288K, reserved 1114112K
  class space    used 7716K, committed 7936K, reserved 1048576K
}
Event: 5.566 GC heap before
{Heap before GC invocations=16 (full 0):
 garbage-first heap   total 68608K, used 53190K [0x0000000084400000, 0x0000000100000000)
  region size 1024K, 31 young (31744K), 3 survivors (3072K)
 Metaspace       used 66897K, committed 67456K, reserved 1114112K
  class space    used 8941K, committed 9216K, reserved 1048576K
}
Event: 5.569 GC heap after
{Heap after GC invocations=17 (full 0):
 garbage-first heap   total 68608K, used 25678K [0x0000000084400000, 0x0000000100000000)
  region size 1024K, 2 young (2048K), 2 survivors (2048K)
 Metaspace       used 66897K, committed 67456K, reserved 1114112K
  class space    used 8941K, committed 9216K, reserved 1048576K
}
Event: 6.188 GC heap before
{Heap before GC invocations=17 (full 0):
 garbage-first heap   total 68608K, used 55374K [0x0000000084400000, 0x0000000100000000)
  region size 1024K, 31 young (31744K), 2 survivors (2048K)
 Metaspace       used 72181K, committed 72768K, reserved 1114112K
  class space    used 9716K, committed 9984K, reserved 1048576K
}
Event: 6.191 GC heap after
{Heap after GC invocations=18 (full 0):
 garbage-first heap   total 68608K, used 27969K [0x0000000084400000, 0x0000000100000000)
  region size 1024K, 4 young (4096K), 4 survivors (4096K)
 Metaspace       used 72181K, committed 72768K, reserved 1114112K
  class space    used 9716K, committed 9984K, reserved 1048576K
}

