# JRE version: OpenJDK Runtime Environment Temurin-17.0.13+11 (17.0.13+11) (build 17.0.13+11)
# Java VM: OpenJDK 64-Bit Server VM Temurin-17.0.13+11 (17.0.13+11, mixed mode, tiered, compressed oops, compressed class ptrs, parallel gc, windows-amd64)
GC Precious Log:
 CPUs: 12 total, 12 available
 Memory: 7916M
 Large Page Support: Disabled
 NUMA Support: Disabled
 Compressed Oops: Enabled (32-bit)
 Alignments: Space 512K, Generation 512K, Heap 2M
 Heap Min Capacity: 100M
 Heap Initial Capacity: 100M
 Heap Max Capacity: 1G
 Pre-touch: Disabled
 Parallel Workers: 10
Heap:
 PSYoungGen      total 5120K, used 4176K [0x00000000eab00000, 0x00000000eb100000, 0x0000000100000000)
  eden space 4096K, 82% used [0x00000000eab00000,0x00000000eae51ae0,0x00000000eaf00000)
  from space 1024K, 76% used [0x00000000eb000000,0x00000000eb0c2910,0x00000000eb100000)
  to   space 1024K, 0% used [0x00000000eaf00000,0x00000000eaf00000,0x00000000eb000000)
 ParOldGen       total 154112K, used 150035K [0x00000000c0000000, 0x00000000c9680000, 0x00000000eab00000)
  object space 154112K, 97% used [0x00000000c0000000,0x00000000c9284fd8,0x00000000c9680000)
 Metaspace       used 102883K, committed 104320K, reserved 1179648K
  class space    used 10471K, committed 11200K, reserved 1048576K
GC Heap History (20 events):
Event: 1756.831 GC heap before
{Heap before GC invocations=2826 (full 83):
 PSYoungGen      total 4608K, used 4320K [0x00000000eab00000, 0x00000000eb080000, 0x0000000100000000)
  eden space 4096K, 100% used [0x00000000eab00000,0x00000000eaf00000,0x00000000eaf00000)
  from space 512K, 43% used [0x00000000eb000000,0x00000000eb038000,0x00000000eb080000)
  to   space 512K, 0% used [0x00000000eaf80000,0x00000000eaf80000,0x00000000eb000000)
 ParOldGen       total 154112K, used 145640K [0x00000000c0000000, 0x00000000c9680000, 0x00000000eab00000)
  object space 154112K, 94% used [0x00000000c0000000,0x00000000c8e3a088,0x00000000c9680000)
 Metaspace       used 102854K, committed 104320K, reserved 1179648K
  class space    used 10471K, committed 11200K, reserved 1048576K
}
Event: 1756.832 GC heap after
{Heap after GC invocations=2826 (full 83):
 PSYoungGen      total 4608K, used 480K [0x00000000eab00000, 0x00000000eb100000, 0x0000000100000000)
  eden space 4096K, 0% used [0x00000000eab00000,0x00000000eab00000,0x00000000eaf00000)
  from space 512K, 93% used [0x00000000eaf80000,0x00000000eaff8020,0x00000000eb000000)
  to   space 1024K, 0% used [0x00000000eb000000,0x00000000eb000000,0x00000000eb100000)
 ParOldGen       total 154112K, used 145764K [0x00000000c0000000, 0x00000000c9680000, 0x00000000eab00000)
  object space 154112K, 94% used [0x00000000c0000000,0x00000000c8e59308,0x00000000c9680000)
 Metaspace       used 102854K, committed 104320K, reserved 1179648K
  class space    used 10471K, committed 11200K, reserved 1048576K
}
Event: 1756.997 GC heap before
{Heap before GC invocations=2827 (full 83):
 PSYoungGen      total 4608K, used 4576K [0x00000000eab00000, 0x00000000eb100000, 0x0000000100000000)
  eden space 4096K, 100% used [0x00000000eab00000,0x00000000eaf00000,0x00000000eaf00000)
  from space 512K, 93% used [0x00000000eaf80000,0x00000000eaff8020,0x00000000eb000000)
  to   space 1024K, 0% used [0x00000000eb000000,0x00000000eb000000,0x00000000eb100000)
 ParOldGen       total 154112K, used 145764K [0x00000000c0000000, 0x00000000c9680000, 0x00000000eab00000)
  object space 154112K, 94% used [0x00000000c0000000,0x00000000c8e59308,0x00000000c9680000)
 Metaspace       used 102877K, committed 104320K, reserved 1179648K
  class space    used 10471K, committed 11200K, reserved 1048576K
}
Event: 1756.998 GC heap after
{Heap after GC invocations=2827 (full 83):
 PSYoungGen      total 5120K, used 634K [0x00000000eab00000, 0x00000000eb100000, 0x0000000100000000)
  eden space 4096K, 0% used [0x00000000eab00000,0x00000000eab00000,0x00000000eaf00000)
  from space 1024K, 61% used [0x00000000eb000000,0x00000000eb09e920,0x00000000eb100000)
  to   space 1024K, 0% used [0x00000000eaf00000,0x00000000eaf00000,0x00000000eb000000)
 ParOldGen       total 154112K, used 146209K [0x00000000c0000000, 0x00000000c9680000, 0x00000000eab00000)
  object space 154112K, 94% used [0x00000000c0000000,0x00000000c8ec8548,0x00000000c9680000)
 Metaspace       used 102877K, committed 104320K, reserved 1179648K
  class space    used 10471K, committed 11200K, reserved 1048576K
}
Event: 1757.001 GC heap before
{Heap before GC invocations=2828 (full 83):
 PSYoungGen      total 5120K, used 4730K [0x00000000eab00000, 0x00000000eb100000, 0x0000000100000000)
  eden space 4096K, 100% used [0x00000000eab00000,0x00000000eaf00000,0x00000000eaf00000)
  from space 1024K, 61% used [0x00000000eb000000,0x00000000eb09e920,0x00000000eb100000)
  to   space 1024K, 0% used [0x00000000eaf00000,0x00000000eaf00000,0x00000000eb000000)
 ParOldGen       total 154112K, used 146209K [0x00000000c0000000, 0x00000000c9680000, 0x00000000eab00000)
  object space 154112K, 94% used [0x00000000c0000000,0x00000000c8ec8548,0x00000000c9680000)
 Metaspace       used 102877K, committed 104320K, reserved 1179648K
  class space    used 10471K, committed 11200K, reserved 1048576K
}
Event: 1757.002 GC heap after
{Heap after GC invocations=2828 (full 83):
 PSYoungGen      total 5120K, used 608K [0x00000000eab00000, 0x00000000eb100000, 0x0000000100000000)
  eden space 4096K, 0% used [0x00000000eab00000,0x00000000eab00000,0x00000000eaf00000)
  from space 1024K, 59% used [0x00000000eaf00000,0x00000000eaf98000,0x00000000eb000000)
  to   space 1024K, 0% used [0x00000000eb000000,0x00000000eb000000,0x00000000eb100000)
 ParOldGen       total 154112K, used 146709K [0x00000000c0000000, 0x00000000c9680000, 0x00000000eab00000)
  object space 154112K, 95% used [0x00000000c0000000,0x00000000c8f45768,0x00000000c9680000)
 Metaspace       used 102877K, committed 104320K, reserved 1179648K
  class space    used 10471K, committed 11200K, reserved 1048576K
}
Event: 1757.007 GC heap before
{Heap before GC invocations=2829 (full 83):
 PSYoungGen      total 5120K, used 4704K [0x00000000eab00000, 0x00000000eb100000, 0x0000000100000000)
  eden space 4096K, 100% used [0x00000000eab00000,0x00000000eaf00000,0x00000000eaf00000)
  from space 1024K, 59% used [0x00000000eaf00000,0x00000000eaf98000,0x00000000eb000000)
  to   space 1024K, 0% used [0x00000000eb000000,0x00000000eb000000,0x00000000eb100000)
 ParOldGen       total 154112K, used 146709K [0x00000000c0000000, 0x00000000c9680000, 0x00000000eab00000)
  object space 154112K, 95% used [0x00000000c0000000,0x00000000c8f45768,0x00000000c9680000)
 Metaspace       used 102877K, committed 104320K, reserved 1179648K
  class space    used 10471K, committed 11200K, reserved 1048576K
}
Event: 1757.008 GC heap after
{Heap after GC invocations=2829 (full 83):
 PSYoungGen      total 5120K, used 746K [0x00000000eab00000, 0x00000000eb100000, 0x0000000100000000)
  eden space 4096K, 0% used [0x00000000eab00000,0x00000000eab00000,0x00000000eaf00000)
  from space 1024K, 72% used [0x00000000eb000000,0x00000000eb0ba910,0x00000000eb100000)
  to   space 1024K, 0% used [0x00000000eaf00000,0x00000000eaf00000,0x00000000eb000000)
 ParOldGen       total 154112K, used 147125K [0x00000000c0000000, 0x00000000c9680000, 0x00000000eab00000)
  object space 154112K, 95% used [0x00000000c0000000,0x00000000c8fad768,0x00000000c9680000)
 Metaspace       used 102877K, committed 104320K, reserved 1179648K
  class space    used 10471K, committed 11200K, reserved 1048576K
}
Event: 1757.013 GC heap before
{Heap before GC invocations=2830 (full 83):
 PSYoungGen      total 5120K, used 4842K [0x00000000eab00000, 0x00000000eb100000, 0x0000000100000000)
  eden space 4096K, 100% used [0x00000000eab00000,0x00000000eaf00000,0x00000000eaf00000)
  from space 1024K, 72% used [0x00000000eb000000,0x00000000eb0ba910,0x00000000eb100000)
  to   space 1024K, 0% used [0x00000000eaf00000,0x00000000eaf00000,0x00000000eb000000)
 ParOldGen       total 154112K, used 147125K [0x00000000c0000000, 0x00000000c9680000, 0x00000000eab00000)
  object space 154112K, 95% used [0x00000000c0000000,0x00000000c8fad768,0x00000000c9680000)
 Metaspace       used 102877K, committed 104320K, reserved 1179648K
  class space    used 10471K, committed 11200K, reserved 1048576K
}
Event: 1757.014 GC heap after
{Heap after GC invocations=2830 (full 83):
 PSYoungGen      total 5120K, used 602K [0x00000000eab00000, 0x00000000eb100000, 0x0000000100000000)
  eden space 4096K, 0% used [0x00000000eab00000,0x00000000eab00000,0x00000000eaf00000)
  from space 1024K, 58% used [0x00000000eaf00000,0x00000000eaf96900,0x00000000eb000000)
  to   space 1024K, 0% used [0x00000000eb000000,0x00000000eb000000,0x00000000eb100000)
 ParOldGen       total 154112K, used 147722K [0x00000000c0000000, 0x00000000c9680000, 0x00000000eab00000)
  object space 154112K, 95% used [0x00000000c0000000,0x00000000c9042988,0x00000000c9680000)
 Metaspace       used 102877K, committed 104320K, reserved 1179648K
  class space    used 10471K, committed 11200K, reserved 1048576K
}
Event: 1757.017 GC heap before
{Heap before GC invocations=2831 (full 83):
 PSYoungGen      total 5120K, used 4698K [0x00000000eab00000, 0x00000000eb100000, 0x0000000100000000)
  eden space 4096K, 100% used [0x00000000eab00000,0x00000000eaf00000,0x00000000eaf00000)
  from space 1024K, 58% used [0x00000000eaf00000,0x00000000eaf96900,0x00000000eb000000)
  to   space 1024K, 0% used [0x00000000eb000000,0x00000000eb000000,0x00000000eb100000)
 ParOldGen       total 154112K, used 147722K [0x00000000c0000000, 0x00000000c9680000, 0x00000000eab00000)
  object space 154112K, 95% used [0x00000000c0000000,0x00000000c9042988,0x00000000c9680000)
 Metaspace       used 102877K, committed 104320K, reserved 1179648K
  class space    used 10471K, committed 11200K, reserved 1048576K
}
Event: 1757.019 GC heap after
{Heap after GC invocations=2831 (full 83):
 PSYoungGen      total 5120K, used 608K [0x00000000eab00000, 0x00000000eb100000, 0x0000000100000000)
  eden space 4096K, 0% used [0x00000000eab00000,0x00000000eab00000,0x00000000eaf00000)
  from space 1024K, 59% used [0x00000000eb000000,0x00000000eb098000,0x00000000eb100000)
  to   space 1024K, 0% used [0x00000000eaf00000,0x00000000eaf00000,0x00000000eb000000)
 ParOldGen       total 154112K, used 148158K [0x00000000c0000000, 0x00000000c9680000, 0x00000000eab00000)
  object space 154112K, 96% used [0x00000000c0000000,0x00000000c90afb88,0x00000000c9680000)
 Metaspace       used 102877K, committed 104320K, reserved 1179648K
  class space    used 10471K, committed 11200K, reserved 1048576K
}
Event: 1757.022 GC heap before
{Heap before GC invocations=2832 (full 83):
 PSYoungGen      total 5120K, used 4704K [0x00000000eab00000, 0x00000000eb100000, 0x0000000100000000)
  eden space 4096K, 100% used [0x00000000eab00000,0x00000000eaf00000,0x00000000eaf00000)
  from space 1024K, 59% used [0x00000000eb000000,0x00000000eb098000,0x00000000eb100000)
  to   space 1024K, 0% used [0x00000000eaf00000,0x00000000eaf00000,0x00000000eb000000)
 ParOldGen       total 154112K, used 148158K [0x00000000c0000000, 0x00000000c9680000, 0x00000000eab00000)
  object space 154112K, 96% used [0x00000000c0000000,0x00000000c90afb88,0x00000000c9680000)
 Metaspace       used 102878K, committed 104320K, reserved 1179648K
  class space    used 10471K, committed 11200K, reserved 1048576K
}
Event: 1757.023 GC heap after
{Heap after GC invocations=2832 (full 83):
 PSYoungGen      total 5120K, used 708K [0x00000000eab00000, 0x00000000eb100000, 0x0000000100000000)
  eden space 4096K, 0% used [0x00000000eab00000,0x00000000eab00000,0x00000000eaf00000)
  from space 1024K, 69% used [0x00000000eaf00000,0x00000000eafb1210,0x00000000eb000000)
  to   space 1024K, 0% used [0x00000000eb000000,0x00000000eb000000,0x00000000eb100000)
 ParOldGen       total 154112K, used 148614K [0x00000000c0000000, 0x00000000c9680000, 0x00000000eab00000)
  object space 154112K, 96% used [0x00000000c0000000,0x00000000c9121b88,0x00000000c9680000)
 Metaspace       used 102878K, committed 104320K, reserved 1179648K
  class space    used 10471K, committed 11200K, reserved 1048576K
}
Event: 1757.229 GC heap before
{Heap before GC invocations=2833 (full 83):
 PSYoungGen      total 5120K, used 4804K [0x00000000eab00000, 0x00000000eb100000, 0x0000000100000000)
  eden space 4096K, 100% used [0x00000000eab00000,0x00000000eaf00000,0x00000000eaf00000)
  from space 1024K, 69% used [0x00000000eaf00000,0x00000000eafb1210,0x00000000eb000000)
  to   space 1024K, 0% used [0x00000000eb000000,0x00000000eb000000,0x00000000eb100000)
 ParOldGen       total 154112K, used 148614K [0x00000000c0000000, 0x00000000c9680000, 0x00000000eab00000)
  object space 154112K, 96% used [0x00000000c0000000,0x00000000c9121b88,0x00000000c9680000)
 Metaspace       used 102878K, committed 104320K, reserved 1179648K
  class space    used 10471K, committed 11200K, reserved 1048576K
}
Event: 1757.230 GC heap after
{Heap after GC invocations=2833 (full 83):
 PSYoungGen      total 5120K, used 512K [0x00000000eab00000, 0x00000000eb100000, 0x0000000100000000)
  eden space 4096K, 0% used [0x00000000eab00000,0x00000000eab00000,0x00000000eaf00000)
  from space 1024K, 50% used [0x00000000eb000000,0x00000000eb080000,0x00000000eb100000)
  to   space 1024K, 0% used [0x00000000eaf00000,0x00000000eaf00000,0x00000000eb000000)
 ParOldGen       total 154112K, used 149163K [0x00000000c0000000, 0x00000000c9680000, 0x00000000eab00000)
  object space 154112K, 96% used [0x00000000c0000000,0x00000000c91aada8,0x00000000c9680000)
 Metaspace       used 102878K, committed 104320K, reserved 1179648K
  class space    used 10471K, committed 11200K, reserved 1048576K
}
Event: 1757.236 GC heap before
{Heap before GC invocations=2834 (full 83):
 PSYoungGen      total 5120K, used 4608K [0x00000000eab00000, 0x00000000eb100000, 0x0000000100000000)
  eden space 4096K, 100% used [0x00000000eab00000,0x00000000eaf00000,0x00000000eaf00000)
  from space 1024K, 50% used [0x00000000eb000000,0x00000000eb080000,0x00000000eb100000)
  to   space 1024K, 0% used [0x00000000eaf00000,0x00000000eaf00000,0x00000000eb000000)
 ParOldGen       total 154112K, used 149163K [0x00000000c0000000, 0x00000000c9680000, 0x00000000eab00000)
  object space 154112K, 96% used [0x00000000c0000000,0x00000000c91aada8,0x00000000c9680000)
 Metaspace       used 102878K, committed 104320K, reserved 1179648K
  class space    used 10471K, committed 11200K, reserved 1048576K
}
Event: 1757.237 GC heap after
{Heap after GC invocations=2834 (full 83):
 PSYoungGen      total 5120K, used 612K [0x00000000eab00000, 0x00000000eb100000, 0x0000000100000000)
  eden space 4096K, 0% used [0x00000000eab00000,0x00000000eab00000,0x00000000eaf00000)
  from space 1024K, 59% used [0x00000000eaf00000,0x00000000eaf99210,0x00000000eb000000)
  to   space 1024K, 0% used [0x00000000eb000000,0x00000000eb000000,0x00000000eb100000)
 ParOldGen       total 154112K, used 149543K [0x00000000c0000000, 0x00000000c9680000, 0x00000000eab00000)
  object space 154112K, 97% used [0x00000000c0000000,0x00000000c9209db8,0x00000000c9680000)
 Metaspace       used 102878K, committed 104320K, reserved 1179648K
  class space    used 10471K, committed 11200K, reserved 1048576K
}
Event: 1757.243 GC heap before
{Heap before GC invocations=2835 (full 83):
 PSYoungGen      total 5120K, used 4708K [0x00000000eab00000, 0x00000000eb100000, 0x0000000100000000)
  eden space 4096K, 100% used [0x00000000eab00000,0x00000000eaf00000,0x00000000eaf00000)
  from space 1024K, 59% used [0x00000000eaf00000,0x00000000eaf99210,0x00000000eb000000)
  to   space 1024K, 0% used [0x00000000eb000000,0x00000000eb000000,0x00000000eb100000)
 ParOldGen       total 154112K, used 149543K [0x00000000c0000000, 0x00000000c9680000, 0x00000000eab00000)
  object space 154112K, 97% used [0x00000000c0000000,0x00000000c9209db8,0x00000000c9680000)
 Metaspace       used 102878K, committed 104320K, reserved 1179648K
  class space    used 10471K, committed 11200K, reserved 1048576K
}
Event: 1757.244 GC heap after
{Heap after GC invocations=2835 (full 83):
 PSYoungGen      total 5120K, used 778K [0x00000000eab00000, 0x00000000eb100000, 0x0000000100000000)
  eden space 4096K, 0% used [0x00000000eab00000,0x00000000eab00000,0x00000000eaf00000)
  from space 1024K, 76% used [0x00000000eb000000,0x00000000eb0c2910,0x00000000eb100000)
  to   space 1024K, 0% used [0x00000000eaf00000,0x00000000eaf00000,0x00000000eb000000)
 ParOldGen       total 154112K, used 150035K [0x00000000c0000000, 0x00000000c9680000, 0x00000000eab00000)
  object space 154112K, 97% used [0x00000000c0000000,0x00000000c9284fd8,0x00000000c9680000)
 Metaspace       used 102878K, committed 104320K, reserved 1179648K
  class space    used 10471K, committed 11200K, reserved 1048576K
}

